{"/home/travis/build/npmtest/node-npmtest-wiredep/test.js":{"path":"/home/travis/build/npmtest/node-npmtest-wiredep/test.js","s":{"1":2,"2":2,"3":2,"4":2,"5":2,"6":2,"7":2,"8":1,"9":2,"10":2,"11":1,"12":1,"13":1,"14":1,"15":2,"16":2,"17":2,"18":2,"19":1,"20":1,"21":2,"22":2,"23":2,"24":1,"25":1,"26":1,"27":1,"28":1,"29":1,"30":1,"31":1,"32":1,"33":1,"34":1,"35":1,"36":1,"37":1,"38":1,"39":2,"40":2,"41":1,"42":2,"43":2,"44":1,"45":2,"46":2,"47":1,"48":2,"49":2,"50":1,"51":1,"52":1,"53":1,"54":1},"b":{"1":[2,1,1,1],"2":[1,1,1,1],"3":[1,1],"4":[1,1],"5":[1,1],"6":[1,1],"7":[1,1],"8":[1,1],"9":[1,1],"10":[1,1,1],"11":[1,1],"12":[1,1],"13":[1,1],"14":[1,1],"15":[1,1],"16":[1,1],"17":[1,1]},"f":{"1":2,"2":2,"3":2,"4":2,"5":2,"6":1,"7":1,"8":1,"9":2,"10":2,"11":2,"12":2,"13":1},"fnMap":{"1":{"name":"(anonymous_1)","line":12,"loc":{"start":{"line":12,"column":1},"end":{"line":12,"column":13}}},"2":{"name":"(anonymous_2)","line":19,"loc":{"start":{"line":19,"column":5},"end":{"line":19,"column":17}}},"3":{"name":"(anonymous_3)","line":23,"loc":{"start":{"line":23,"column":24},"end":{"line":23,"column":36}}},"4":{"name":"(anonymous_4)","line":61,"loc":{"start":{"line":61,"column":5},"end":{"line":61,"column":17}}},"5":{"name":"(anonymous_5)","line":82,"loc":{"start":{"line":82,"column":5},"end":{"line":82,"column":17}}},"6":{"name":"(anonymous_6)","line":91,"loc":{"start":{"line":91,"column":77},"end":{"line":94,"column":10}}},"7":{"name":"(anonymous_7)","line":112,"loc":{"start":{"line":112,"column":83},"end":{"line":115,"column":10}},"skip":true},"8":{"name":"(anonymous_8)","line":123,"loc":{"start":{"line":123,"column":77},"end":{"line":126,"column":10}},"skip":true},"9":{"name":"(anonymous_9)","line":139,"loc":{"start":{"line":139,"column":12},"end":{"line":139,"column":40}},"skip":true},"10":{"name":"(anonymous_10)","line":147,"loc":{"start":{"line":147,"column":77},"end":{"line":150,"column":10}},"skip":true},"11":{"name":"(anonymous_11)","line":158,"loc":{"start":{"line":158,"column":83},"end":{"line":161,"column":10}},"skip":true},"12":{"name":"(anonymous_12)","line":169,"loc":{"start":{"line":169,"column":79},"end":{"line":172,"column":10}},"skip":true},"13":{"name":"(anonymous_13)","line":180,"loc":{"start":{"line":180,"column":75},"end":{"line":183,"column":10}},"skip":true}},"statementMap":{"1":{"start":{"line":12,"column":0},"end":{"line":195,"column":5}},"2":{"start":{"line":14,"column":4},"end":{"line":14,"column":14}},"3":{"start":{"line":19,"column":4},"end":{"line":56,"column":9}},"4":{"start":{"line":21,"column":8},"end":{"line":21,"column":19}},"5":{"start":{"line":23,"column":8},"end":{"line":35,"column":13}},"6":{"start":{"line":24,"column":12},"end":{"line":34,"column":13}},"7":{"start":{"line":25,"column":16},"end":{"line":28,"column":30}},"8":{"start":{"line":30,"column":16},"end":{"line":33,"column":27}},"9":{"start":{"line":37,"column":8},"end":{"line":39,"column":21}},"10":{"start":{"line":40,"column":8},"end":{"line":53,"column":9}},"11":{"start":{"line":43,"column":12},"end":{"line":46,"column":14}},"12":{"start":{"line":47,"column":12},"end":{"line":47,"column":18}},"13":{"start":{"line":50,"column":12},"end":{"line":51,"column":46}},"14":{"start":{"line":52,"column":12},"end":{"line":52,"column":18}},"15":{"start":{"line":55,"column":8},"end":{"line":55,"column":35}},"16":{"start":{"line":61,"column":4},"end":{"line":63,"column":9}},"17":{"start":{"line":62,"column":8},"end":{"line":62,"column":15}},"18":{"start":{"line":64,"column":4},"end":{"line":77,"column":5}},"19":{"start":{"line":70,"column":8},"end":{"line":70,"column":14}},"20":{"start":{"line":76,"column":8},"end":{"line":76,"column":14}},"21":{"start":{"line":82,"column":4},"end":{"line":84,"column":9}},"22":{"start":{"line":83,"column":8},"end":{"line":83,"column":15}},"23":{"start":{"line":85,"column":4},"end":{"line":194,"column":5}},"24":{"start":{"line":91,"column":8},"end":{"line":99,"column":10}},"25":{"start":{"line":98,"column":12},"end":{"line":98,"column":35}},"26":{"start":{"line":102,"column":8},"end":{"line":104,"column":63}},"27":{"start":{"line":105,"column":8},"end":{"line":105,"column":14}},"28":{"start":{"line":112,"column":8},"end":{"line":121,"column":10},"skip":true},"29":{"start":{"line":119,"column":12},"end":{"line":119,"column":55},"skip":true},"30":{"start":{"line":120,"column":12},"end":{"line":120,"column":48},"skip":true},"31":{"start":{"line":123,"column":8},"end":{"line":136,"column":10},"skip":true},"32":{"start":{"line":130,"column":12},"end":{"line":130,"column":76},"skip":true},"33":{"start":{"line":131,"column":12},"end":{"line":131,"column":73},"skip":true},"34":{"start":{"line":132,"column":12},"end":{"line":132,"column":74},"skip":true},"35":{"start":{"line":133,"column":12},"end":{"line":133,"column":79},"skip":true},"36":{"start":{"line":134,"column":12},"end":{"line":134,"column":25},"skip":true},"37":{"start":{"line":135,"column":12},"end":{"line":135,"column":45},"skip":true},"38":{"start":{"line":138,"column":8},"end":{"line":145,"column":14},"skip":true},"39":{"start":{"line":143,"column":16},"end":{"line":143,"column":29},"skip":true},"40":{"start":{"line":144,"column":16},"end":{"line":144,"column":55},"skip":true},"41":{"start":{"line":147,"column":8},"end":{"line":156,"column":10},"skip":true},"42":{"start":{"line":154,"column":12},"end":{"line":154,"column":25},"skip":true},"43":{"start":{"line":155,"column":12},"end":{"line":155,"column":45},"skip":true},"44":{"start":{"line":158,"column":8},"end":{"line":167,"column":10},"skip":true},"45":{"start":{"line":165,"column":12},"end":{"line":165,"column":25},"skip":true},"46":{"start":{"line":166,"column":12},"end":{"line":166,"column":48},"skip":true},"47":{"start":{"line":169,"column":8},"end":{"line":178,"column":10},"skip":true},"48":{"start":{"line":176,"column":12},"end":{"line":176,"column":25},"skip":true},"49":{"start":{"line":177,"column":12},"end":{"line":177,"column":46},"skip":true},"50":{"start":{"line":180,"column":8},"end":{"line":189,"column":10},"skip":true},"51":{"start":{"line":187,"column":12},"end":{"line":187,"column":94},"skip":true},"52":{"start":{"line":188,"column":12},"end":{"line":188,"column":48},"skip":true},"53":{"start":{"line":192,"column":8},"end":{"line":192,"column":35},"skip":true},"54":{"start":{"line":193,"column":8},"end":{"line":193,"column":14},"skip":true}},"branchMap":{"1":{"line":25,"type":"binary-expr","locations":[{"start":{"line":25,"column":23},"end":{"line":25,"column":62}},{"start":{"line":26,"column":20},"end":{"line":26,"column":70}},{"start":{"line":27,"column":20},"end":{"line":27,"column":71}},{"start":{"line":28,"column":20},"end":{"line":28,"column":29}}]},"2":{"line":30,"type":"binary-expr","locations":[{"start":{"line":30,"column":23},"end":{"line":30,"column":37}},{"start":{"line":31,"column":20},"end":{"line":31,"column":61}},{"start":{"line":32,"column":20},"end":{"line":32,"column":70}},{"start":{"line":33,"column":20},"end":{"line":33,"column":26}}]},"3":{"line":37,"type":"cond-expr","locations":[{"start":{"line":38,"column":14},"end":{"line":38,"column":20}},{"start":{"line":39,"column":14},"end":{"line":39,"column":20}}]},"4":{"line":40,"type":"switch","locations":[{"start":{"line":42,"column":8},"end":{"line":47,"column":18}},{"start":{"line":49,"column":8},"end":{"line":52,"column":18}}]},"5":{"line":44,"type":"binary-expr","locations":[{"start":{"line":44,"column":16},"end":{"line":44,"column":44}},{"start":{"line":44,"column":48},"end":{"line":44,"column":66}}]},"6":{"line":50,"type":"binary-expr","locations":[{"start":{"line":50,"column":21},"end":{"line":50,"column":49}},{"start":{"line":50,"column":53},"end":{"line":50,"column":72}}]},"7":{"line":64,"type":"switch","locations":[{"start":{"line":69,"column":4},"end":{"line":70,"column":14}},{"start":{"line":75,"column":4},"end":{"line":76,"column":14}}]},"8":{"line":85,"type":"switch","locations":[{"start":{"line":90,"column":4},"end":{"line":105,"column":14}},{"start":{"line":111,"column":4},"end":{"line":193,"column":14},"skip":true}]},"9":{"line":91,"type":"binary-expr","locations":[{"start":{"line":91,"column":42},"end":{"line":91,"column":73}},{"start":{"line":91,"column":77},"end":{"line":99,"column":9}}]},"10":{"line":102,"type":"binary-expr","locations":[{"start":{"line":102,"column":18},"end":{"line":102,"column":32}},{"start":{"line":103,"column":12},"end":{"line":103,"column":53}},{"start":{"line":104,"column":12},"end":{"line":104,"column":61}}]},"11":{"line":112,"type":"binary-expr","locations":[{"start":{"line":112,"column":45},"end":{"line":112,"column":79},"skip":true},{"start":{"line":112,"column":83},"end":{"line":121,"column":9},"skip":true}]},"12":{"line":123,"type":"binary-expr","locations":[{"start":{"line":123,"column":42},"end":{"line":123,"column":73},"skip":true},{"start":{"line":123,"column":77},"end":{"line":136,"column":9},"skip":true}]},"13":{"line":138,"type":"binary-expr","locations":[{"start":{"line":138,"column":48},"end":{"line":138,"column":85},"skip":true},{"start":{"line":139,"column":12},"end":{"line":145,"column":13},"skip":true}]},"14":{"line":147,"type":"binary-expr","locations":[{"start":{"line":147,"column":42},"end":{"line":147,"column":73},"skip":true},{"start":{"line":147,"column":77},"end":{"line":156,"column":9},"skip":true}]},"15":{"line":158,"type":"binary-expr","locations":[{"start":{"line":158,"column":45},"end":{"line":158,"column":79},"skip":true},{"start":{"line":158,"column":83},"end":{"line":167,"column":9},"skip":true}]},"16":{"line":169,"type":"binary-expr","locations":[{"start":{"line":169,"column":43},"end":{"line":169,"column":75},"skip":true},{"start":{"line":169,"column":79},"end":{"line":178,"column":9},"skip":true}]},"17":{"line":180,"type":"binary-expr","locations":[{"start":{"line":180,"column":41},"end":{"line":180,"column":71},"skip":true},{"start":{"line":180,"column":75},"end":{"line":189,"column":9},"skip":true}]}},"code":["/* istanbul instrument in package npmtest_wiredep */","/*jslint","    bitwise: true,","    browser: true,","    maxerr: 8,","    maxlen: 96,","    node: true,","    nomen: true,","    regexp: true,","    stupid: true","*/","(function () {","    'use strict';","    var local;","","","","    // run shared js-env code - pre-init","    (function () {","        // init local","        local = {};","        // init modeJs","        local.modeJs = (function () {","            try {","                return typeof navigator.userAgent === 'string' &&","                    typeof document.querySelector('body') === 'object' &&","                    typeof XMLHttpRequest.prototype.open === 'function' &&","                    'browser';","            } catch (errorCaughtBrowser) {","                return module.exports &&","                    typeof process.versions.node === 'string' &&","                    typeof require('http').createServer === 'function' &&","                    'node';","            }","        }());","        // init global","        local.global = local.modeJs === 'browser'","            ? window","            : global;","        switch (local.modeJs) {","        // re-init local from window.local","        case 'browser':","            local = local.global.utility2.objectSetDefault(","                local.global.utility2_rollup || local.global.local,","                local.global.utility2","            );","            break;","        // re-init local from example.js","        case 'node':","            local = (local.global.utility2_rollup || require('utility2'))","                .requireExampleJsFromReadme();","            break;","        }","        // export local","        local.global.local = local;","    }());","","","","    // run shared js-env code - function","    (function () {","        return;","    }());","    switch (local.modeJs) {","","","","    // run browser js-env code - function","    case 'browser':","        break;","","","","    // run node js-env code - function","    case 'node':","        break;","    }","","","","    // run shared js-env code - post-init","    (function () {","        return;","    }());","    switch (local.modeJs) {","","","","    // run browser js-env code - post-init","    case 'browser':","        local.testCase_browser_nullCase = local.testCase_browser_nullCase || function (","            options,","            onError","        ) {","        /*","         * this function will test browsers's null-case handling-behavior-behavior","         */","            onError(null, options);","        };","","        // run tests","        local.nop(local.modeTest &&","            document.querySelector('#testRunButton1') &&","            document.querySelector('#testRunButton1').click());","        break;","","","","    // run node js-env code - post-init","    /* istanbul ignore next */","    case 'node':","        local.testCase_buildApidoc_default = local.testCase_buildApidoc_default || function (","            options,","            onError","        ) {","        /*","         * this function will test buildApidoc's default handling-behavior-behavior","         */","            options = { modulePathList: module.paths };","            local.buildApidoc(options, onError);","        };","","        local.testCase_buildApp_default = local.testCase_buildApp_default || function (","            options,","            onError","        ) {","        /*","         * this function will test buildApp's default handling-behavior-behavior","         */","            local.testCase_buildReadme_default(options, local.onErrorThrow);","            local.testCase_buildLib_default(options, local.onErrorThrow);","            local.testCase_buildTest_default(options, local.onErrorThrow);","            local.testCase_buildCustomOrg_default(options, local.onErrorThrow);","            options = [];","            local.buildApp(options, onError);","        };","","        local.testCase_buildCustomOrg_default = local.testCase_buildCustomOrg_default ||","            function (options, onError) {","            /*","             * this function will test buildCustomOrg's default handling-behavior","             */","                options = {};","                local.buildCustomOrg(options, onError);","            };","","        local.testCase_buildLib_default = local.testCase_buildLib_default || function (","            options,","            onError","        ) {","        /*","         * this function will test buildLib's default handling-behavior","         */","            options = {};","            local.buildLib(options, onError);","        };","","        local.testCase_buildReadme_default = local.testCase_buildReadme_default || function (","            options,","            onError","        ) {","        /*","         * this function will test buildReadme's default handling-behavior-behavior","         */","            options = {};","            local.buildReadme(options, onError);","        };","","        local.testCase_buildTest_default = local.testCase_buildTest_default || function (","            options,","            onError","        ) {","        /*","         * this function will test buildTest's default handling-behavior","         */","            options = {};","            local.buildTest(options, onError);","        };","","        local.testCase_webpage_default = local.testCase_webpage_default || function (","            options,","            onError","        ) {","        /*","         * this function will test webpage's default handling-behavior","         */","            options = { modeCoverageMerge: true, url: local.serverLocalHost + '?modeTest=1' };","            local.browserTest(options, onError);","        };","","        // run test-server","        local.testRunServer(local);","        break;","    }","}());",""],"l":{"12":2,"14":2,"19":2,"21":2,"23":2,"24":2,"25":2,"30":1,"37":2,"40":2,"43":1,"47":1,"50":1,"52":1,"55":2,"61":2,"62":2,"64":2,"70":1,"76":1,"82":2,"83":2,"85":2,"91":1,"98":1,"102":1,"105":1,"112":1,"119":1,"120":1,"123":1,"130":1,"131":1,"132":1,"133":1,"134":1,"135":1,"138":1,"143":2,"144":2,"147":1,"154":2,"155":2,"158":1,"165":2,"166":2,"169":1,"176":2,"177":2,"180":1,"187":1,"188":1,"192":1,"193":1}},"/home/travis/build/npmtest/node-npmtest-wiredep/lib.npmtest_wiredep.js":{"path":"/home/travis/build/npmtest/node-npmtest-wiredep/lib.npmtest_wiredep.js","s":{"1":2,"2":2,"3":2,"4":2,"5":2,"6":2,"7":2,"8":1,"9":2,"10":2,"11":2,"12":2,"13":1,"14":1,"15":1,"16":1},"b":{"1":[2,1,1,1],"2":[1,1,1,1],"3":[1,1],"4":[2,2],"5":[1,1]},"f":{"1":2,"2":2,"3":2},"fnMap":{"1":{"name":"(anonymous_1)","line":12,"loc":{"start":{"line":12,"column":1},"end":{"line":12,"column":13}}},"2":{"name":"(anonymous_2)","line":19,"loc":{"start":{"line":19,"column":5},"end":{"line":19,"column":17}}},"3":{"name":"(anonymous_3)","line":23,"loc":{"start":{"line":23,"column":24},"end":{"line":23,"column":36}}}},"statementMap":{"1":{"start":{"line":12,"column":0},"end":{"line":53,"column":5}},"2":{"start":{"line":14,"column":4},"end":{"line":14,"column":14}},"3":{"start":{"line":19,"column":4},"end":{"line":52,"column":9}},"4":{"start":{"line":21,"column":8},"end":{"line":21,"column":19}},"5":{"start":{"line":23,"column":8},"end":{"line":35,"column":13}},"6":{"start":{"line":24,"column":12},"end":{"line":34,"column":13}},"7":{"start":{"line":25,"column":16},"end":{"line":28,"column":30}},"8":{"start":{"line":30,"column":16},"end":{"line":33,"column":27}},"9":{"start":{"line":37,"column":8},"end":{"line":39,"column":21}},"10":{"start":{"line":41,"column":8},"end":{"line":41,"column":54}},"11":{"start":{"line":43,"column":8},"end":{"line":43,"column":52}},"12":{"start":{"line":45,"column":8},"end":{"line":51,"column":9}},"13":{"start":{"line":46,"column":12},"end":{"line":46,"column":58}},"14":{"start":{"line":48,"column":12},"end":{"line":48,"column":35}},"15":{"start":{"line":49,"column":12},"end":{"line":49,"column":49}},"16":{"start":{"line":50,"column":12},"end":{"line":50,"column":43}}},"branchMap":{"1":{"line":25,"type":"binary-expr","locations":[{"start":{"line":25,"column":23},"end":{"line":25,"column":62}},{"start":{"line":26,"column":20},"end":{"line":26,"column":70}},{"start":{"line":27,"column":20},"end":{"line":27,"column":71}},{"start":{"line":28,"column":20},"end":{"line":28,"column":29}}]},"2":{"line":30,"type":"binary-expr","locations":[{"start":{"line":30,"column":23},"end":{"line":30,"column":37}},{"start":{"line":31,"column":20},"end":{"line":31,"column":61}},{"start":{"line":32,"column":20},"end":{"line":32,"column":70}},{"start":{"line":33,"column":20},"end":{"line":33,"column":26}}]},"3":{"line":37,"type":"cond-expr","locations":[{"start":{"line":38,"column":14},"end":{"line":38,"column":20}},{"start":{"line":39,"column":14},"end":{"line":39,"column":20}}]},"4":{"line":41,"type":"binary-expr","locations":[{"start":{"line":41,"column":16},"end":{"line":41,"column":44}},{"start":{"line":41,"column":48},"end":{"line":41,"column":53}}]},"5":{"line":45,"type":"if","locations":[{"start":{"line":45,"column":8},"end":{"line":45,"column":8}},{"start":{"line":45,"column":8},"end":{"line":45,"column":8}}]}},"code":["/* istanbul instrument in package npmtest_wiredep */","/*jslint","    bitwise: true,","    browser: true,","    maxerr: 8,","    maxlen: 96,","    node: true,","    nomen: true,","    regexp: true,","    stupid: true","*/","(function () {","    'use strict';","    var local;","","","","    // run shared js-env code - pre-init","    (function () {","        // init local","        local = {};","        // init modeJs","        local.modeJs = (function () {","            try {","                return typeof navigator.userAgent === 'string' &&","                    typeof document.querySelector('body') === 'object' &&","                    typeof XMLHttpRequest.prototype.open === 'function' &&","                    'browser';","            } catch (errorCaughtBrowser) {","                return module.exports &&","                    typeof process.versions.node === 'string' &&","                    typeof require('http').createServer === 'function' &&","                    'node';","            }","        }());","        // init global","        local.global = local.modeJs === 'browser'","            ? window","            : global;","        // init utility2_rollup","        local = local.global.utility2_rollup || local;","        // init lib","        local.local = local.npmtest_wiredep = local;","        // init exports","        if (local.modeJs === 'browser') {","            local.global.utility2_npmtest_wiredep = local;","        } else {","            module.exports = local;","            module.exports.__dirname = __dirname;","            module.exports.module = module;","        }","    }());","}());",""],"l":{"12":2,"14":2,"19":2,"21":2,"23":2,"24":2,"25":2,"30":1,"37":2,"41":2,"43":2,"45":2,"46":1,"48":1,"49":1,"50":1}},"/home/travis/build/npmtest/node-npmtest-wiredep/example.js":{"path":"/home/travis/build/npmtest/node-npmtest-wiredep/example.js","s":{"1":2,"2":2,"3":2,"4":2,"5":2,"6":2,"7":2,"8":1,"9":2,"10":2,"11":2,"12":2,"13":1,"14":2,"15":2,"16":2,"17":2,"18":2,"19":0,"20":2,"21":1,"22":1,"23":1,"24":1,"25":1,"26":0,"27":0,"28":1,"29":1,"30":2,"31":0,"32":0,"33":0,"34":1,"35":2,"36":2,"37":3,"38":3,"39":3,"40":3,"41":0,"42":3,"43":3,"44":3,"45":1,"46":3,"47":1,"48":1,"49":1,"50":1,"51":1,"52":1,"53":1,"54":1,"55":1,"56":1,"57":0,"58":1,"59":6,"60":6,"61":1,"62":2,"63":0,"64":2,"65":1,"66":1,"67":0,"68":0,"69":0,"70":0,"71":0,"72":0,"73":0,"74":0,"75":0,"76":0,"77":0,"78":0,"79":0,"80":0,"81":0,"82":0,"83":0},"b":{"1":[2,1,1,1],"2":[1,1,1,1],"3":[1,1],"4":[2,2],"5":[1,1],"6":[1,1],"7":[2,0],"8":[2,1,1,1,1,1],"9":[0,2,0],"10":[1,1],"11":[2,1,1],"12":[1,0],"13":[0,2],"14":[2,0,0,0,0,0,0],"15":[0,3],"16":[3,0],"17":[1,1],"18":[0,1],"19":[1,2,0,2],"20":[1,0],"21":[1,1],"22":[0,0],"23":[0,0],"24":[0,0],"25":[0,0],"26":[0,0],"27":[0,0],"28":[0,0]},"f":{"1":2,"2":2,"3":2,"4":2,"5":2,"6":2,"7":3,"8":3,"9":3,"10":1,"11":6,"12":0},"fnMap":{"1":{"name":"(anonymous_1)","line":26,"loc":{"start":{"line":26,"column":1},"end":{"line":26,"column":13}}},"2":{"name":"(anonymous_2)","line":33,"loc":{"start":{"line":33,"column":5},"end":{"line":33,"column":17}}},"3":{"name":"(anonymous_3)","line":37,"loc":{"start":{"line":37,"column":24},"end":{"line":37,"column":36}}},"4":{"name":"(anonymous_4)","line":69,"loc":{"start":{"line":69,"column":31},"end":{"line":69,"column":48}},"skip":true},"5":{"name":"(anonymous_5)","line":78,"loc":{"start":{"line":78,"column":26},"end":{"line":78,"column":45}},"skip":true},"6":{"name":"(anonymous_6)","line":123,"loc":{"start":{"line":123,"column":33},"end":{"line":123,"column":48}},"skip":true},"7":{"name":"(anonymous_7)","line":125,"loc":{"start":{"line":125,"column":27},"end":{"line":125,"column":39}},"skip":true},"8":{"name":"(anonymous_8)","line":133,"loc":{"start":{"line":133,"column":59},"end":{"line":133,"column":74}},"skip":true},"9":{"name":"(anonymous_9)","line":143,"loc":{"start":{"line":143,"column":45},"end":{"line":143,"column":62}},"skip":true},"10":{"name":"(anonymous_10)","line":144,"loc":{"start":{"line":144,"column":73},"end":{"line":144,"column":92}},"skip":true},"11":{"name":"(anonymous_11)","line":272,"loc":{"start":{"line":272,"column":51},"end":{"line":272,"column":77}},"skip":true},"12":{"name":"(anonymous_12)","line":315,"loc":{"start":{"line":315,"column":32},"end":{"line":315,"column":61}},"skip":true}},"statementMap":{"1":{"start":{"line":26,"column":0},"end":{"line":326,"column":5}},"2":{"start":{"line":28,"column":4},"end":{"line":28,"column":14}},"3":{"start":{"line":33,"column":4},"end":{"line":60,"column":9}},"4":{"start":{"line":35,"column":8},"end":{"line":35,"column":19}},"5":{"start":{"line":37,"column":8},"end":{"line":49,"column":13}},"6":{"start":{"line":38,"column":12},"end":{"line":48,"column":13}},"7":{"start":{"line":39,"column":16},"end":{"line":42,"column":30}},"8":{"start":{"line":44,"column":16},"end":{"line":47,"column":27}},"9":{"start":{"line":51,"column":8},"end":{"line":53,"column":21}},"10":{"start":{"line":55,"column":8},"end":{"line":57,"column":45}},"11":{"start":{"line":59,"column":8},"end":{"line":59,"column":35}},"12":{"start":{"line":61,"column":4},"end":{"line":325,"column":5}},"13":{"start":{"line":69,"column":8},"end":{"line":121,"column":10},"skip":true},"14":{"start":{"line":70,"column":12},"end":{"line":88,"column":13},"skip":true},"15":{"start":{"line":76,"column":16},"end":{"line":87,"column":19},"skip":true},"16":{"start":{"line":79,"column":20},"end":{"line":86,"column":21},"skip":true},"17":{"start":{"line":82,"column":24},"end":{"line":82,"column":43},"skip":true},"18":{"start":{"line":83,"column":24},"end":{"line":83,"column":30},"skip":true},"19":{"start":{"line":85,"column":24},"end":{"line":85,"column":49},"skip":true},"20":{"start":{"line":89,"column":12},"end":{"line":107,"column":13},"skip":true},"21":{"start":{"line":92,"column":16},"end":{"line":102,"column":17},"skip":true},"22":{"start":{"line":93,"column":20},"end":{"line":93,"column":86},"skip":true},"23":{"start":{"line":94,"column":20},"end":{"line":95,"column":45},"skip":true},"24":{"start":{"line":96,"column":20},"end":{"line":96,"column":42},"skip":true},"25":{"start":{"line":97,"column":20},"end":{"line":97,"column":48},"skip":true},"26":{"start":{"line":100,"column":20},"end":{"line":100,"column":85},"skip":true},"27":{"start":{"line":101,"column":20},"end":{"line":101,"column":96},"skip":true},"28":{"start":{"line":103,"column":16},"end":{"line":103,"column":22},"skip":true},"29":{"start":{"line":106,"column":16},"end":{"line":106,"column":22},"skip":true},"30":{"start":{"line":108,"column":12},"end":{"line":120,"column":13},"skip":true},"31":{"start":{"line":114,"column":16},"end":{"line":119,"column":17},"skip":true},"32":{"start":{"line":116,"column":20},"end":{"line":116,"column":78},"skip":true},"33":{"start":{"line":118,"column":20},"end":{"line":118,"column":47},"skip":true},"34":{"start":{"line":123,"column":8},"end":{"line":141,"column":11},"skip":true},"35":{"start":{"line":124,"column":12},"end":{"line":124,"column":54},"skip":true},"36":{"start":{"line":125,"column":12},"end":{"line":140,"column":14},"skip":true},"37":{"start":{"line":126,"column":16},"end":{"line":126,"column":28},"skip":true},"38":{"start":{"line":127,"column":16},"end":{"line":127,"column":69},"skip":true},"39":{"start":{"line":128,"column":16},"end":{"line":128,"column":75},"skip":true},"40":{"start":{"line":129,"column":16},"end":{"line":131,"column":17},"skip":true},"41":{"start":{"line":130,"column":20},"end":{"line":130,"column":27},"skip":true},"42":{"start":{"line":133,"column":16},"end":{"line":137,"column":36},"skip":true},"43":{"start":{"line":134,"column":20},"end":{"line":136,"column":55},"skip":true},"44":{"start":{"line":139,"column":16},"end":{"line":139,"column":57},"skip":true},"45":{"start":{"line":143,"column":8},"end":{"line":147,"column":11},"skip":true},"46":{"start":{"line":144,"column":12},"end":{"line":146,"column":15},"skip":true},"47":{"start":{"line":145,"column":16},"end":{"line":145,"column":70},"skip":true},"48":{"start":{"line":149,"column":8},"end":{"line":149,"column":31},"skip":true},"49":{"start":{"line":150,"column":8},"end":{"line":150,"column":14},"skip":true},"50":{"start":{"line":158,"column":8},"end":{"line":158,"column":31},"skip":true},"51":{"start":{"line":160,"column":8},"end":{"line":160,"column":33},"skip":true},"52":{"start":{"line":161,"column":8},"end":{"line":161,"column":37},"skip":true},"53":{"start":{"line":162,"column":8},"end":{"line":162,"column":35},"skip":true},"54":{"start":{"line":164,"column":8},"end":{"line":164,"column":50},"skip":true},"55":{"start":{"line":166,"column":8},"end":{"line":256,"column":2},"skip":true},"56":{"start":{"line":258,"column":8},"end":{"line":286,"column":9},"skip":true},"57":{"start":{"line":259,"column":12},"end":{"line":269,"column":14},"skip":true},"58":{"start":{"line":271,"column":12},"end":{"line":285,"column":19},"skip":true},"59":{"start":{"line":274,"column":20},"end":{"line":274,"column":35},"skip":true},"60":{"start":{"line":275,"column":20},"end":{"line":284,"column":21},"skip":true},"61":{"start":{"line":277,"column":24},"end":{"line":277,"column":64},"skip":true},"62":{"start":{"line":279,"column":24},"end":{"line":279,"column":40},"skip":true},"63":{"start":{"line":281,"column":24},"end":{"line":281,"column":40},"skip":true},"64":{"start":{"line":283,"column":24},"end":{"line":283,"column":39},"skip":true},"65":{"start":{"line":288,"column":8},"end":{"line":290,"column":9},"skip":true},"66":{"start":{"line":289,"column":12},"end":{"line":289,"column":18},"skip":true},"67":{"start":{"line":291,"column":8},"end":{"line":293,"column":54},"skip":true},"68":{"start":{"line":296,"column":8},"end":{"line":301,"column":37},"skip":true},"69":{"start":{"line":303,"column":8},"end":{"line":303,"column":82},"skip":true},"70":{"start":{"line":306,"column":8},"end":{"line":308,"column":9},"skip":true},"71":{"start":{"line":307,"column":12},"end":{"line":307,"column":82},"skip":true},"72":{"start":{"line":310,"column":8},"end":{"line":312,"column":9},"skip":true},"73":{"start":{"line":311,"column":12},"end":{"line":311,"column":18},"skip":true},"74":{"start":{"line":313,"column":8},"end":{"line":313,"column":54},"skip":true},"75":{"start":{"line":314,"column":8},"end":{"line":314,"column":69},"skip":true},"76":{"start":{"line":315,"column":8},"end":{"line":323,"column":36},"skip":true},"77":{"start":{"line":316,"column":12},"end":{"line":316,"column":61},"skip":true},"78":{"start":{"line":317,"column":12},"end":{"line":320,"column":13},"skip":true},"79":{"start":{"line":318,"column":16},"end":{"line":318,"column":75},"skip":true},"80":{"start":{"line":319,"column":16},"end":{"line":319,"column":23},"skip":true},"81":{"start":{"line":321,"column":12},"end":{"line":321,"column":38},"skip":true},"82":{"start":{"line":322,"column":12},"end":{"line":322,"column":27},"skip":true},"83":{"start":{"line":324,"column":8},"end":{"line":324,"column":14},"skip":true}},"branchMap":{"1":{"line":39,"type":"binary-expr","locations":[{"start":{"line":39,"column":23},"end":{"line":39,"column":62}},{"start":{"line":40,"column":20},"end":{"line":40,"column":70}},{"start":{"line":41,"column":20},"end":{"line":41,"column":71}},{"start":{"line":42,"column":20},"end":{"line":42,"column":29}}]},"2":{"line":44,"type":"binary-expr","locations":[{"start":{"line":44,"column":23},"end":{"line":44,"column":37}},{"start":{"line":45,"column":20},"end":{"line":45,"column":61}},{"start":{"line":46,"column":20},"end":{"line":46,"column":70}},{"start":{"line":47,"column":20},"end":{"line":47,"column":26}}]},"3":{"line":51,"type":"cond-expr","locations":[{"start":{"line":52,"column":14},"end":{"line":52,"column":20}},{"start":{"line":53,"column":14},"end":{"line":53,"column":20}}]},"4":{"line":55,"type":"binary-expr","locations":[{"start":{"line":55,"column":16},"end":{"line":55,"column":44}},{"start":{"line":55,"column":49},"end":{"line":57,"column":43}}]},"5":{"line":55,"type":"cond-expr","locations":[{"start":{"line":56,"column":14},"end":{"line":56,"column":51}},{"start":{"line":57,"column":14},"end":{"line":57,"column":43}}]},"6":{"line":61,"type":"switch","locations":[{"start":{"line":68,"column":4},"end":{"line":150,"column":14},"skip":true},{"start":{"line":156,"column":4},"end":{"line":324,"column":14},"skip":true}]},"7":{"line":70,"type":"if","locations":[{"start":{"line":70,"column":12},"end":{"line":70,"column":12},"skip":true},{"start":{"line":70,"column":12},"end":{"line":70,"column":12},"skip":true}]},"8":{"line":70,"type":"binary-expr","locations":[{"start":{"line":70,"column":16},"end":{"line":70,"column":22},"skip":true},{"start":{"line":70,"column":27},"end":{"line":70,"column":32},"skip":true},{"start":{"line":71,"column":20},"end":{"line":71,"column":39},"skip":true},{"start":{"line":72,"column":20},"end":{"line":72,"column":49},"skip":true},{"start":{"line":73,"column":20},"end":{"line":73,"column":58},"skip":true},{"start":{"line":74,"column":20},"end":{"line":74,"column":69},"skip":true}]},"9":{"line":79,"type":"switch","locations":[{"start":{"line":80,"column":20},"end":{"line":80,"column":33},"skip":true},{"start":{"line":81,"column":20},"end":{"line":83,"column":30},"skip":true},{"start":{"line":84,"column":20},"end":{"line":85,"column":49},"skip":true}]},"10":{"line":89,"type":"switch","locations":[{"start":{"line":90,"column":12},"end":{"line":103,"column":22},"skip":true},{"start":{"line":105,"column":12},"end":{"line":106,"column":22},"skip":true}]},"11":{"line":89,"type":"binary-expr","locations":[{"start":{"line":89,"column":20},"end":{"line":89,"column":25},"skip":true},{"start":{"line":89,"column":29},"end":{"line":89,"column":48},"skip":true},{"start":{"line":89,"column":52},"end":{"line":89,"column":74},"skip":true}]},"12":{"line":92,"type":"if","locations":[{"start":{"line":92,"column":16},"end":{"line":92,"column":16},"skip":true},{"start":{"line":92,"column":16},"end":{"line":92,"column":16},"skip":true}]},"13":{"line":108,"type":"if","locations":[{"start":{"line":108,"column":12},"end":{"line":108,"column":12},"skip":true},{"start":{"line":108,"column":12},"end":{"line":108,"column":12},"skip":true}]},"14":{"line":108,"type":"binary-expr","locations":[{"start":{"line":108,"column":16},"end":{"line":108,"column":61},"skip":true},{"start":{"line":108,"column":66},"end":{"line":108,"column":72},"skip":true},{"start":{"line":108,"column":77},"end":{"line":108,"column":82},"skip":true},{"start":{"line":109,"column":20},"end":{"line":109,"column":39},"skip":true},{"start":{"line":110,"column":20},"end":{"line":110,"column":49},"skip":true},{"start":{"line":111,"column":20},"end":{"line":111,"column":58},"skip":true},{"start":{"line":112,"column":20},"end":{"line":112,"column":68},"skip":true}]},"15":{"line":129,"type":"if","locations":[{"start":{"line":129,"column":16},"end":{"line":129,"column":16},"skip":true},{"start":{"line":129,"column":16},"end":{"line":129,"column":16},"skip":true}]},"16":{"line":134,"type":"cond-expr","locations":[{"start":{"line":135,"column":26},"end":{"line":135,"column":29},"skip":true},{"start":{"line":136,"column":26},"end":{"line":136,"column":54},"skip":true}]},"17":{"line":164,"type":"binary-expr","locations":[{"start":{"line":164,"column":27},"end":{"line":164,"column":43},"skip":true},{"start":{"line":164,"column":47},"end":{"line":164,"column":49},"skip":true}]},"18":{"line":258,"type":"if","locations":[{"start":{"line":258,"column":8},"end":{"line":258,"column":8},"skip":true},{"start":{"line":258,"column":8},"end":{"line":258,"column":8},"skip":true}]},"19":{"line":275,"type":"switch","locations":[{"start":{"line":276,"column":20},"end":{"line":277,"column":64},"skip":true},{"start":{"line":278,"column":20},"end":{"line":279,"column":40},"skip":true},{"start":{"line":280,"column":20},"end":{"line":281,"column":40},"skip":true},{"start":{"line":282,"column":20},"end":{"line":283,"column":39},"skip":true}]},"20":{"line":288,"type":"if","locations":[{"start":{"line":288,"column":8},"end":{"line":288,"column":8},"skip":true},{"start":{"line":288,"column":8},"end":{"line":288,"column":8},"skip":true}]},"21":{"line":288,"type":"binary-expr","locations":[{"start":{"line":288,"column":12},"end":{"line":288,"column":40},"skip":true},{"start":{"line":288,"column":44},"end":{"line":288,"column":67},"skip":true}]},"22":{"line":292,"type":"binary-expr","locations":[{"start":{"line":292,"column":12},"end":{"line":292,"column":50},"skip":true},{"start":{"line":293,"column":12},"end":{"line":293,"column":53},"skip":true}]},"23":{"line":297,"type":"binary-expr","locations":[{"start":{"line":297,"column":12},"end":{"line":297,"column":65},"skip":true},{"start":{"line":298,"column":12},"end":{"line":301,"column":36},"skip":true}]},"24":{"line":303,"type":"binary-expr","locations":[{"start":{"line":303,"column":43},"end":{"line":303,"column":75},"skip":true},{"start":{"line":303,"column":79},"end":{"line":303,"column":81},"skip":true}]},"25":{"line":306,"type":"if","locations":[{"start":{"line":306,"column":8},"end":{"line":306,"column":8},"skip":true},{"start":{"line":306,"column":8},"end":{"line":306,"column":8},"skip":true}]},"26":{"line":310,"type":"if","locations":[{"start":{"line":310,"column":8},"end":{"line":310,"column":8},"skip":true},{"start":{"line":310,"column":8},"end":{"line":310,"column":8},"skip":true}]},"27":{"line":313,"type":"binary-expr","locations":[{"start":{"line":313,"column":27},"end":{"line":313,"column":43},"skip":true},{"start":{"line":313,"column":47},"end":{"line":313,"column":53},"skip":true}]},"28":{"line":317,"type":"if","locations":[{"start":{"line":317,"column":12},"end":{"line":317,"column":12},"skip":true},{"start":{"line":317,"column":12},"end":{"line":317,"column":12},"skip":true}]}},"code":["/*","example.js","","quickstart example","","instruction","    1. save this script as example.js","    2. run the shell command:","        $ npm install npmtest-wiredep && PORT=8081 node example.js","    3. play with the browser-demo on http://127.0.0.1:8081","*/","","","","/* istanbul instrument in package npmtest_wiredep */","/*jslint","    bitwise: true,","    browser: true,","    maxerr: 8,","    maxlen: 96,","    node: true,","    nomen: true,","    regexp: true,","    stupid: true","*/","(function () {","    'use strict';","    var local;","","","","    // run shared js-env code - pre-init","    (function () {","        // init local","        local = {};","        // init modeJs","        local.modeJs = (function () {","            try {","                return typeof navigator.userAgent === 'string' &&","                    typeof document.querySelector('body') === 'object' &&","                    typeof XMLHttpRequest.prototype.open === 'function' &&","                    'browser';","            } catch (errorCaughtBrowser) {","                return module.exports &&","                    typeof process.versions.node === 'string' &&","                    typeof require('http').createServer === 'function' &&","                    'node';","            }","        }());","        // init global","        local.global = local.modeJs === 'browser'","            ? window","            : global;","        // init utility2_rollup","        local = local.global.utility2_rollup || (local.modeJs === 'browser'","            ? local.global.utility2_npmtest_wiredep","            : global.utility2_moduleExports);","        // export local","        local.global.local = local;","    }());","    switch (local.modeJs) {","","","","    // post-init","    // run browser js-env code - post-init","    /* istanbul ignore next */","    case 'browser':","        local.testRunBrowser = function (event) {","            if (!event || (event &&","                    event.currentTarget &&","                    event.currentTarget.className &&","                    event.currentTarget.className.includes &&","                    event.currentTarget.className.includes('onreset'))) {","                // reset output","                Array.from(","                    document.querySelectorAll('body > .resettable')","                ).forEach(function (element) {","                    switch (element.tagName) {","                    case 'INPUT':","                    case 'TEXTAREA':","                        element.value = '';","                        break;","                    default:","                        element.textContent = '';","                    }","                });","            }","            switch (event && event.currentTarget && event.currentTarget.id) {","            case 'testRunButton1':","                // show tests","                if (document.querySelector('#testReportDiv1').style.display === 'none') {","                    document.querySelector('#testReportDiv1').style.display = 'block';","                    document.querySelector('#testRunButton1').textContent =","                        'hide internal test';","                    local.modeTest = true;","                    local.testRunDefault(local);","                // hide tests","                } else {","                    document.querySelector('#testReportDiv1').style.display = 'none';","                    document.querySelector('#testRunButton1').textContent = 'run internal test';","                }","                break;","            // custom-case","            default:","                break;","            }","            if (document.querySelector('#inputTextareaEval1') && (!event || (event &&","                    event.currentTarget &&","                    event.currentTarget.className &&","                    event.currentTarget.className.includes &&","                    event.currentTarget.className.includes('oneval')))) {","                // try to eval input-code","                try {","                    /*jslint evil: true*/","                    eval(document.querySelector('#inputTextareaEval1').value);","                } catch (errorCaught) {","                    console.error(errorCaught);","                }","            }","        };","        // log stderr and stdout to #outputTextareaStdout1","        ['error', 'log'].forEach(function (key) {","            console[key + '_original'] = console[key];","            console[key] = function () {","                var element;","                console[key + '_original'].apply(console, arguments);","                element = document.querySelector('#outputTextareaStdout1');","                if (!element) {","                    return;","                }","                // append text to #outputTextareaStdout1","                element.value += Array.from(arguments).map(function (arg) {","                    return typeof arg === 'string'","                        ? arg","                        : JSON.stringify(arg, null, 4);","                }).join(' ') + '\\n';","                // scroll textarea to bottom","                element.scrollTop = element.scrollHeight;","            };","        });","        // init event-handling","        ['change', 'click', 'keyup'].forEach(function (event) {","            Array.from(document.querySelectorAll('.on' + event)).forEach(function (element) {","                element.addEventListener(event, local.testRunBrowser);","            });","        });","        // run tests","        local.testRunBrowser();","        break;","","","","    // run node js-env code - post-init","    /* istanbul ignore next */","    case 'node':","        // export local","        module.exports = local;","        // require modules","        local.fs = require('fs');","        local.http = require('http');","        local.url = require('url');","        // init assets","        local.assetsDict = local.assetsDict || {};","        /* jslint-ignore-begin */","        local.assetsDict['/assets.index.template.html'] = '\\","<!doctype html>\\n\\","<html lang=\"en\">\\n\\","<head>\\n\\","<meta charset=\"UTF-8\">\\n\\","<meta name=\"viewport\" content=\"width=device-width, initial-scale=1\">\\n\\","<title>{{env.npm_package_name}} (v{{env.npm_package_version}})</title>\\n\\","<style>\\n\\","/*csslint\\n\\","    box-sizing: false,\\n\\","    universal-selector: false\\n\\","*/\\n\\","* {\\n\\","    box-sizing: border-box;\\n\\","}\\n\\","body {\\n\\","    background: #dde;\\n\\","    font-family: Arial, Helvetica, sans-serif;\\n\\","    margin: 2rem;\\n\\","}\\n\\","body > * {\\n\\","    margin-bottom: 1rem;\\n\\","}\\n\\",".utility2FooterDiv {\\n\\","    margin-top: 20px;\\n\\","    text-align: center;\\n\\","}\\n\\","</style>\\n\\","<style>\\n\\","/*csslint\\n\\","*/\\n\\","textarea {\\n\\","    font-family: monospace;\\n\\","    height: 10rem;\\n\\","    width: 100%;\\n\\","}\\n\\","textarea[readonly] {\\n\\","    background: #ddd;\\n\\","}\\n\\","</style>\\n\\","</head>\\n\\","<body>\\n\\","<!-- utility2-comment\\n\\","<div id=\"ajaxProgressDiv1\" style=\"background: #d00; height: 2px; left: 0; margin: 0; padding: 0; position: fixed; top: 0; transition: background 0.5s, width 1.5s; width: 25%;\"></div>\\n\\","utility2-comment -->\\n\\","<h1>\\n\\","<!-- utility2-comment\\n\\","    <a\\n\\","        {{#if env.npm_package_homepage}}\\n\\","        href=\"{{env.npm_package_homepage}}\"\\n\\","        {{/if env.npm_package_homepage}}\\n\\","        target=\"_blank\"\\n\\","    >\\n\\","utility2-comment -->\\n\\","        {{env.npm_package_name}} (v{{env.npm_package_version}})\\n\\","<!-- utility2-comment\\n\\","    </a>\\n\\","utility2-comment -->\\n\\","</h1>\\n\\","<h3>{{env.npm_package_description}}</h3>\\n\\","<!-- utility2-comment\\n\\","<h4><a download href=\"assets.app.js\">download standalone app</a></h4>\\n\\","<button class=\"onclick onreset\" id=\"testRunButton1\">run internal test</button><br>\\n\\","<div id=\"testReportDiv1\" style=\"display: none;\"></div>\\n\\","utility2-comment -->\\n\\","\\n\\","\\n\\","\\n\\","<label>stderr and stdout</label>\\n\\","<textarea class=\"resettable\" id=\"outputTextareaStdout1\" readonly></textarea>\\n\\","<!-- utility2-comment\\n\\","{{#if isRollup}}\\n\\","<script src=\"assets.app.js\"></script>\\n\\","{{#unless isRollup}}\\n\\","utility2-comment -->\\n\\","<script src=\"assets.utility2.rollup.js\"></script>\\n\\","<script src=\"jsonp.utility2._stateInit?callback=window.utility2._stateInit\"></script>\\n\\","<script src=\"assets.npmtest_wiredep.rollup.js\"></script>\\n\\","<script src=\"assets.example.js\"></script>\\n\\","<script src=\"assets.test.js\"></script>\\n\\","<!-- utility2-comment\\n\\","{{/if isRollup}}\\n\\","utility2-comment -->\\n\\","<div class=\"utility2FooterDiv\">\\n\\","    [ this app was created with\\n\\","    <a href=\"https://github.com/kaizhu256/node-utility2\" target=\"_blank\">utility2</a>\\n\\","    ]\\n\\","</div>\\n\\","</body>\\n\\","</html>\\n\\","';","        /* jslint-ignore-end */","        if (local.templateRender) {","            local.assetsDict['/'] = local.templateRender(","                local.assetsDict['/assets.index.template.html'],","                {","                    env: local.objectSetDefault(local.env, {","                        npm_package_description: 'the greatest app in the world!',","                        npm_package_name: 'my-app',","                        npm_package_nameAlias: 'my_app',","                        npm_package_version: '0.0.1'","                    })","                }","            );","        } else {","            local.assetsDict['/'] = local.assetsDict['/assets.index.template.html']","                .replace((/\\{\\{env\\.(\\w+?)\\}\\}/g), function (match0, match1) {","                    // jslint-hack","                    String(match0);","                    switch (match1) {","                    case 'npm_package_description':","                        return 'the greatest app in the world!';","                    case 'npm_package_name':","                        return 'my-app';","                    case 'npm_package_nameAlias':","                        return 'my_app';","                    case 'npm_package_version':","                        return '0.0.1';","                    }","                });","        }","        // run the cli","        if (local.global.utility2_rollup || module !== require.main) {","            break;","        }","        local.assetsDict['/assets.example.js'] =","            local.assetsDict['/assets.example.js'] ||","            local.fs.readFileSync(__filename, 'utf8');","        // bug-workaround - long $npm_package_buildCustomOrg","        /* jslint-ignore-begin */","        local.assetsDict['/assets.npmtest_wiredep.rollup.js'] =","            local.assetsDict['/assets.npmtest_wiredep.rollup.js'] ||","            local.fs.readFileSync(","                local.npmtest_wiredep.__dirname + '/lib.npmtest_wiredep.js',","                'utf8'","            ).replace((/^#!/), '//');","        /* jslint-ignore-end */","        local.assetsDict['/favicon.ico'] = local.assetsDict['/favicon.ico'] || '';","        // if $npm_config_timeout_exit exists,","        // then exit this process after $npm_config_timeout_exit ms","        if (Number(process.env.npm_config_timeout_exit)) {","            setTimeout(process.exit, Number(process.env.npm_config_timeout_exit));","        }","        // start server","        if (local.global.utility2_serverHttp1) {","            break;","        }","        process.env.PORT = process.env.PORT || '8081';","        console.error('server starting on port ' + process.env.PORT);","        local.http.createServer(function (request, response) {","            request.urlParsed = local.url.parse(request.url);","            if (local.assetsDict[request.urlParsed.pathname] !== undefined) {","                response.end(local.assetsDict[request.urlParsed.pathname]);","                return;","            }","            response.statusCode = 404;","            response.end();","        }).listen(process.env.PORT);","        break;","    }","}());",""],"l":{"26":2,"28":2,"33":2,"35":2,"37":2,"38":2,"39":2,"44":1,"51":2,"55":2,"59":2,"61":2,"69":1,"70":2,"76":2,"79":2,"82":2,"83":2,"85":1,"89":2,"92":1,"93":1,"94":1,"96":1,"97":1,"100":1,"101":1,"103":1,"106":1,"108":2,"114":1,"116":1,"118":1,"123":1,"124":2,"125":2,"126":3,"127":3,"128":3,"129":3,"130":1,"133":3,"134":3,"139":3,"143":1,"144":3,"145":1,"149":1,"150":1,"158":1,"160":1,"161":1,"162":1,"164":1,"166":1,"258":1,"259":1,"271":1,"274":6,"275":6,"277":1,"279":2,"281":1,"283":2,"288":1,"289":1,"291":1,"296":1,"303":1,"306":1,"307":1,"310":1,"311":1,"313":1,"314":1,"315":1,"316":1,"317":1,"318":1,"319":1,"321":1,"322":1,"324":1}},"/home/travis/build/npmtest/node-npmtest-wiredep/node_modules/wiredep/wiredep.js":{"path":"/home/travis/build/npmtest/node-npmtest-wiredep/node_modules/wiredep/wiredep.js","s":{"1":1,"2":1,"3":1,"4":1,"5":1,"6":0,"7":0,"8":0,"9":0,"10":0,"11":0,"12":0,"13":0,"14":0,"15":0,"16":0,"17":0,"18":0,"19":0,"20":0,"21":0,"22":0,"23":0,"24":0,"25":0,"26":1,"27":0,"28":0,"29":0,"30":0,"31":0,"32":0,"33":0,"34":0,"35":1,"36":0,"37":0,"38":0,"39":0,"40":0,"41":0,"42":1,"43":0,"44":0,"45":0,"46":0,"47":0,"48":0,"49":0,"50":0,"51":0,"52":0,"53":0,"54":0,"55":0,"56":0,"57":1},"b":{"1":[0,0],"2":[0,0],"3":[0,0],"4":[0,0],"5":[0,0],"6":[0,0],"7":[0,0],"8":[0,0],"9":[0,0],"10":[0,0],"11":[0,0],"12":[0,0],"13":[0,0],"14":[0,0],"15":[0,0],"16":[0,0],"17":[0,0],"18":[0,0],"19":[0,0],"20":[0,0],"21":[0,0],"22":[0,0],"23":[0,0],"24":[0,0]},"f":{"1":0,"2":0,"3":0,"4":0,"5":0,"6":0,"7":0,"8":0,"9":0,"10":0,"11":0,"12":0,"13":0,"14":0,"15":0},"fnMap":{"1":{"name":"wiredep","line":22,"loc":{"start":{"line":22,"column":0},"end":{"line":22,"column":23}}},"2":{"name":"(anonymous_2)","line":30,"loc":{"start":{"line":30,"column":33},"end":{"line":30,"column":47}}},"3":{"name":"(anonymous_3)","line":31,"loc":{"start":{"line":31,"column":46},"end":{"line":31,"column":57}}},"4":{"name":"(anonymous_4)","line":32,"loc":{"start":{"line":32,"column":49},"end":{"line":32,"column":60}}},"5":{"name":"(anonymous_5)","line":33,"loc":{"start":{"line":33,"column":48},"end":{"line":33,"column":59}}},"6":{"name":"(anonymous_6)","line":52,"loc":{"start":{"line":52,"column":12},"end":{"line":52,"column":32}}},"7":{"name":"(anonymous_7)","line":54,"loc":{"start":{"line":54,"column":16},"end":{"line":54,"column":46}}},"8":{"name":"(anonymous_8)","line":65,"loc":{"start":{"line":65,"column":14},"end":{"line":65,"column":33}}},"9":{"name":"(anonymous_9)","line":75,"loc":{"start":{"line":75,"column":13},"end":{"line":75,"column":37}}},"10":{"name":"mergeFileTypesWithDefaults","line":84,"loc":{"start":{"line":84,"column":0},"end":{"line":84,"column":51}}},"11":{"name":"(anonymous_11)","line":87,"loc":{"start":{"line":87,"column":26},"end":{"line":87,"column":62}}},"12":{"name":"(anonymous_12)","line":90,"loc":{"start":{"line":90,"column":29},"end":{"line":90,"column":58}}},"13":{"name":"findBowerDirectory","line":103,"loc":{"start":{"line":103,"column":0},"end":{"line":103,"column":33}}},"14":{"name":"(anonymous_14)","line":115,"loc":{"start":{"line":115,"column":17},"end":{"line":115,"column":33}}},"15":{"name":"(anonymous_15)","line":118,"loc":{"start":{"line":118,"column":24},"end":{"line":118,"column":49}}}},"statementMap":{"1":{"start":{"line":3,"column":0},"end":{"line":11,"column":2}},"2":{"start":{"line":13,"column":0},"end":{"line":13,"column":11}},"3":{"start":{"line":14,"column":0},"end":{"line":14,"column":39}},"4":{"start":{"line":15,"column":0},"end":{"line":15,"column":59}},"5":{"start":{"line":22,"column":0},"end":{"line":82,"column":1}},"6":{"start":{"line":23,"column":2},"end":{"line":23,"column":20}},"7":{"start":{"line":25,"column":2},"end":{"line":25,"column":64}},"8":{"start":{"line":27,"column":2},"end":{"line":27,"column":57}},"9":{"start":{"line":29,"column":2},"end":{"line":33,"column":63}},"10":{"start":{"line":30,"column":49},"end":{"line":30,"column":70}},"11":{"start":{"line":35,"column":2},"end":{"line":49,"column":47}},"12":{"start":{"line":51,"column":2},"end":{"line":61,"column":7}},"13":{"start":{"line":53,"column":6},"end":{"line":60,"column":11}},"14":{"start":{"line":55,"column":10},"end":{"line":55,"column":72}},"15":{"start":{"line":57,"column":10},"end":{"line":59,"column":11}},"16":{"start":{"line":58,"column":12},"end":{"line":58,"column":96}},"17":{"start":{"line":63,"column":2},"end":{"line":68,"column":3}},"18":{"start":{"line":64,"column":4},"end":{"line":67,"column":9}},"19":{"start":{"line":66,"column":8},"end":{"line":66,"column":74}},"20":{"start":{"line":70,"column":2},"end":{"line":70,"column":47}},"21":{"start":{"line":71,"column":2},"end":{"line":71,"column":47}},"22":{"start":{"line":73,"column":2},"end":{"line":81,"column":64}},"23":{"start":{"line":76,"column":8},"end":{"line":78,"column":9}},"24":{"start":{"line":77,"column":10},"end":{"line":77,"column":75}},"25":{"start":{"line":80,"column":8},"end":{"line":80,"column":19}},"26":{"start":{"line":84,"column":0},"end":{"line":101,"column":1}},"27":{"start":{"line":85,"column":2},"end":{"line":85,"column":52}},"28":{"start":{"line":87,"column":2},"end":{"line":98,"column":5}},"29":{"start":{"line":89,"column":4},"end":{"line":89,"column":70}},"30":{"start":{"line":90,"column":4},"end":{"line":97,"column":7}},"31":{"start":{"line":91,"column":6},"end":{"line":96,"column":7}},"32":{"start":{"line":92,"column":8},"end":{"line":93,"column":61}},"33":{"start":{"line":95,"column":8},"end":{"line":95,"column":48}},"34":{"start":{"line":100,"column":2},"end":{"line":100,"column":19}},"35":{"start":{"line":103,"column":0},"end":{"line":113,"column":1}},"36":{"start":{"line":104,"column":2},"end":{"line":104,"column":98}},"37":{"start":{"line":106,"column":2},"end":{"line":110,"column":3}},"38":{"start":{"line":107,"column":4},"end":{"line":107,"column":77}},"39":{"start":{"line":108,"column":4},"end":{"line":108,"column":44}},"40":{"start":{"line":109,"column":4},"end":{"line":109,"column":34}},"41":{"start":{"line":112,"column":2},"end":{"line":112,"column":19}},"42":{"start":{"line":115,"column":0},"end":{"line":144,"column":2}},"43":{"start":{"line":116,"column":2},"end":{"line":116,"column":20}},"44":{"start":{"line":118,"column":2},"end":{"line":143,"column":5}},"45":{"start":{"line":119,"column":4},"end":{"line":122,"column":5}},"46":{"start":{"line":120,"column":6},"end":{"line":120,"column":22}},"47":{"start":{"line":121,"column":6},"end":{"line":121,"column":18}},"48":{"start":{"line":124,"column":4},"end":{"line":127,"column":5}},"49":{"start":{"line":125,"column":6},"end":{"line":125,"column":52}},"50":{"start":{"line":126,"column":6},"end":{"line":126,"column":18}},"51":{"start":{"line":129,"column":4},"end":{"line":139,"column":5}},"52":{"start":{"line":130,"column":6},"end":{"line":134,"column":8}},"53":{"start":{"line":136,"column":6},"end":{"line":136,"column":48}},"54":{"start":{"line":138,"column":6},"end":{"line":138,"column":30}},"55":{"start":{"line":141,"column":4},"end":{"line":141,"column":20}},"56":{"start":{"line":142,"column":4},"end":{"line":142,"column":9}},"57":{"start":{"line":147,"column":0},"end":{"line":147,"column":25}}},"branchMap":{"1":{"line":23,"type":"binary-expr","locations":[{"start":{"line":23,"column":9},"end":{"line":23,"column":13}},{"start":{"line":23,"column":17},"end":{"line":23,"column":19}}]},"2":{"line":25,"type":"cond-expr","locations":[{"start":{"line":25,"column":23},"end":{"line":25,"column":47}},{"start":{"line":25,"column":50},"end":{"line":25,"column":63}}]},"3":{"line":30,"type":"binary-expr","locations":[{"start":{"line":30,"column":17},"end":{"line":30,"column":29}},{"start":{"line":30,"column":33},"end":{"line":30,"column":72}}]},"4":{"line":31,"type":"binary-expr","locations":[{"start":{"line":31,"column":24},"end":{"line":31,"column":42}},{"start":{"line":31,"column":46},"end":{"line":31,"column":59}}]},"5":{"line":32,"type":"binary-expr","locations":[{"start":{"line":32,"column":26},"end":{"line":32,"column":45}},{"start":{"line":32,"column":49},"end":{"line":32,"column":62}}]},"6":{"line":33,"type":"binary-expr","locations":[{"start":{"line":33,"column":25},"end":{"line":33,"column":44}},{"start":{"line":33,"column":48},"end":{"line":33,"column":61}}]},"7":{"line":36,"type":"binary-expr","locations":[{"start":{"line":36,"column":19},"end":{"line":36,"column":33}},{"start":{"line":36,"column":37},"end":{"line":36,"column":100}}]},"8":{"line":37,"type":"binary-expr","locations":[{"start":{"line":37,"column":24},"end":{"line":37,"column":38}},{"start":{"line":37,"column":42},"end":{"line":37,"column":65}}]},"9":{"line":39,"type":"cond-expr","locations":[{"start":{"line":39,"column":51},"end":{"line":39,"column":56}},{"start":{"line":39,"column":59},"end":{"line":39,"column":63}}]},"10":{"line":42,"type":"cond-expr","locations":[{"start":{"line":42,"column":46},"end":{"line":42,"column":58}},{"start":{"line":42,"column":61},"end":{"line":42,"column":77}}]},"11":{"line":49,"type":"cond-expr","locations":[{"start":{"line":49,"column":29},"end":{"line":49,"column":40}},{"start":{"line":49,"column":43},"end":{"line":49,"column":45}}]},"12":{"line":57,"type":"if","locations":[{"start":{"line":57,"column":10},"end":{"line":57,"column":10}},{"start":{"line":57,"column":10},"end":{"line":57,"column":10}}]},"13":{"line":63,"type":"if","locations":[{"start":{"line":63,"column":2},"end":{"line":63,"column":2}},{"start":{"line":63,"column":2},"end":{"line":63,"column":2}}]},"14":{"line":63,"type":"binary-expr","locations":[{"start":{"line":63,"column":6},"end":{"line":63,"column":18}},{"start":{"line":63,"column":22},"end":{"line":63,"column":30}}]},"15":{"line":64,"type":"cond-expr","locations":[{"start":{"line":64,"column":31},"end":{"line":64,"column":39}},{"start":{"line":64,"column":42},"end":{"line":64,"column":52}}]},"16":{"line":73,"type":"binary-expr","locations":[{"start":{"line":73,"column":9},"end":{"line":73,"column":33}},{"start":{"line":74,"column":4},"end":{"line":81,"column":63}}]},"17":{"line":76,"type":"if","locations":[{"start":{"line":76,"column":8},"end":{"line":76,"column":8}},{"start":{"line":76,"column":8},"end":{"line":76,"column":8}}]},"18":{"line":89,"type":"binary-expr","locations":[{"start":{"line":89,"column":26},"end":{"line":89,"column":45}},{"start":{"line":89,"column":49},"end":{"line":89,"column":69}}]},"19":{"line":91,"type":"if","locations":[{"start":{"line":91,"column":6},"end":{"line":91,"column":6}},{"start":{"line":91,"column":6},"end":{"line":91,"column":6}}]},"20":{"line":104,"type":"binary-expr","locations":[{"start":{"line":104,"column":36},"end":{"line":104,"column":73}},{"start":{"line":104,"column":77},"end":{"line":104,"column":95}}]},"21":{"line":106,"type":"if","locations":[{"start":{"line":106,"column":2},"end":{"line":106,"column":2}},{"start":{"line":106,"column":2},"end":{"line":106,"column":2}}]},"22":{"line":116,"type":"binary-expr","locations":[{"start":{"line":116,"column":9},"end":{"line":116,"column":13}},{"start":{"line":116,"column":17},"end":{"line":116,"column":19}}]},"23":{"line":119,"type":"if","locations":[{"start":{"line":119,"column":4},"end":{"line":119,"column":4}},{"start":{"line":119,"column":4},"end":{"line":119,"column":4}}]},"24":{"line":124,"type":"if","locations":[{"start":{"line":124,"column":4},"end":{"line":124,"column":4}},{"start":{"line":124,"column":4},"end":{"line":124,"column":4}}]}},"code":["'use strict';","","var $ = {","  _: require('lodash'),","  'bower-config': require('bower-config'),","  fs: require('fs'),","  glob: require('glob'),","  lodash: require('lodash'),","  path: require('path'),","  through2: require('through2')","};","","var config;","var helpers = require('./lib/helpers');","var fileTypesDefault = require('./lib/default-file-types');","","/**"," * Wire up the html files with the Bower packages."," *"," * @param  {object} config  the global configuration object"," */","function wiredep(opts) {","  opts = opts || {};","","  var cwd = opts.cwd ? $.path.resolve(opts.cwd) : process.cwd();","","  config = module.exports.config = helpers.createStore();","","  config.set","    ('on-error', opts.onError || function(err) { throw new Error(err); })","    ('on-file-updated', opts.onFileUpdated || function() {})","    ('on-main-not-found', opts.onMainNotFound || function() {})","    ('on-path-injected', opts.onPathInjected || function() {});","","  config.set","    ('bower.json', opts.bowerJson || JSON.parse($.fs.readFileSync($.path.join(cwd, './bower.json'))))","    ('bower-directory', opts.directory || findBowerDirectory(cwd))","    ('cwd', cwd)","    ('dependencies', opts.dependencies === false ? false : true)","    ('detectable-file-types', [])","    ('dev-dependencies', opts.devDependencies)","    ('exclude', Array.isArray(opts.exclude) ? opts.exclude : [ opts.exclude ])","    ('file-types', mergeFileTypesWithDefaults(opts.fileTypes))","    ('global-dependencies', helpers.createStore())","    ('ignore-path', opts.ignorePath)","    ('include-self', opts.includeSelf)","    ('overrides', $._.extend({}, config.get('bower.json').overrides, opts.overrides))","    ('src', [])","    ('stream', opts.stream ? opts.stream : {});","","  $._.map(config.get('file-types'), 'detect').","    forEach(function (fileType) {","      Object.keys(fileType).","        forEach(function (detectableFileType) {","          var detectableFileTypes = config.get('detectable-file-types');","","          if (detectableFileTypes.indexOf(detectableFileType) === -1) {","            config.set('detectable-file-types', detectableFileTypes.concat(detectableFileType));","          }","        });","    });","","  if (!opts.stream && opts.src) {","    (Array.isArray(opts.src) ? opts.src : [opts.src]).","      forEach(function (pattern) {","        config.set('src', config.get('src').concat($.glob.sync(pattern)));","      });","  }","","  require('./lib/detect-dependencies')(config);","  require('./lib/inject-dependencies')(config);","","  return config.get('stream').src ||","    Object.keys(config.get('global-dependencies-sorted')).","      reduce(function (acc, depType) {","        if (config.get('global-dependencies-sorted')[depType].length) {","          acc[depType] = config.get('global-dependencies-sorted')[depType];","        }","","        return acc;","      }, { packages: config.get('global-dependencies').get() });","}","","function mergeFileTypesWithDefaults(optsFileTypes) {","  var fileTypes = $._.clone(fileTypesDefault, true);","","  $._(optsFileTypes).each(function (fileTypeConfig, fileType) {","    // fallback to the default type for all html-like extensions (php, twig, hbs, etc)","    fileTypes[fileType] = fileTypes[fileType] || fileTypes['default'];","    $._.each(fileTypeConfig, function (config, configKey) {","      if ($._.isPlainObject(fileTypes[fileType][configKey])) {","        fileTypes[fileType][configKey] =","          $._.assign(fileTypes[fileType][configKey], config);","      } else {","        fileTypes[fileType][configKey] = config;","      }","    });","  });","","  return fileTypes;","}","","function findBowerDirectory(cwd) {","  var directory = $.path.join(cwd, ($['bower-config'].read(cwd).directory || 'bower_components'));","","  if (!$.fs.existsSync(directory)) {","    var error = new Error('Cannot find where you keep your Bower packages.');","    error.code = 'BOWER_COMPONENTS_MISSING';","    config.get('on-error')(error);","  }","","  return directory;","}","","wiredep.stream = function (opts) {","  opts = opts || {};","","  return $.through2.obj(function (file, enc, cb) {","    if (file.isNull()) {","      this.push(file);","      return cb();","    }","","    if (file.isStream()) {","      this.emit('error', 'Streaming not supported');","      return cb();","    }","","    try {","      opts.stream = {","        src: file.contents.toString(),","        path: file.path,","        fileType: $.path.extname(file.path).substr(1)","      };","","      file.contents = new Buffer(wiredep(opts));","    } catch (err) {","      this.emit('error', err);","    }","","    this.push(file);","    cb();","  });","};","","","module.exports = wiredep;",""],"l":{"3":1,"13":1,"14":1,"15":1,"22":1,"23":0,"25":0,"27":0,"29":0,"30":0,"35":0,"51":0,"53":0,"55":0,"57":0,"58":0,"63":0,"64":0,"66":0,"70":0,"71":0,"73":0,"76":0,"77":0,"80":0,"84":1,"85":0,"87":0,"89":0,"90":0,"91":0,"92":0,"95":0,"100":0,"103":1,"104":0,"106":0,"107":0,"108":0,"109":0,"112":0,"115":1,"116":0,"118":0,"119":0,"120":0,"121":0,"124":0,"125":0,"126":0,"129":0,"130":0,"136":0,"138":0,"141":0,"142":0,"147":1}},"/home/travis/build/npmtest/node-npmtest-wiredep/node_modules/wiredep/lib/helpers.js":{"path":"/home/travis/build/npmtest/node-npmtest-wiredep/node_modules/wiredep/lib/helpers.js","s":{"1":1,"2":0,"3":0,"4":0,"5":0,"6":0,"7":0,"8":0,"9":0,"10":0},"b":{"1":[0,0]},"f":{"1":0,"2":0,"3":0},"fnMap":{"1":{"name":"(anonymous_1)","line":8,"loc":{"start":{"line":8,"column":29},"end":{"line":8,"column":41}}},"2":{"name":"(anonymous_2)","line":18,"loc":{"start":{"line":18,"column":12},"end":{"line":18,"column":39}}},"3":{"name":"(anonymous_3)","line":29,"loc":{"start":{"line":29,"column":12},"end":{"line":29,"column":32}}}},"statementMap":{"1":{"start":{"line":8,"column":0},"end":{"line":41,"column":2}},"2":{"start":{"line":9,"column":2},"end":{"line":9,"column":18}},"3":{"start":{"line":18,"column":2},"end":{"line":21,"column":4}},"4":{"start":{"line":19,"column":4},"end":{"line":19,"column":29}},"5":{"start":{"line":20,"column":4},"end":{"line":20,"column":15}},"6":{"start":{"line":29,"column":2},"end":{"line":35,"column":4}},"7":{"start":{"line":30,"column":4},"end":{"line":32,"column":5}},"8":{"start":{"line":31,"column":6},"end":{"line":31,"column":20}},"9":{"start":{"line":34,"column":4},"end":{"line":34,"column":28}},"10":{"start":{"line":37,"column":2},"end":{"line":40,"column":4}}},"branchMap":{"1":{"line":30,"type":"if","locations":[{"start":{"line":30,"column":4},"end":{"line":30,"column":4}},{"start":{"line":30,"column":4},"end":{"line":30,"column":4}}]}},"code":["'use strict';","","/**"," * Returns a set/get style internal storage bucket."," *"," * @return {object} the API to set and retrieve data"," */","module.exports.createStore = function () {","  var bucket = {};","","  /**","   * Sets a property on the store, with the given value.","   *","   * @param  {string} property  an identifier for the data","   * @param  {*}      value     the value of the data being stored","   * @return {function} the set function itself to allow chaining","   */","  var set = function (property, value) {","    bucket[property] = value;","    return set;","  };","","  /**","   * Returns the store item asked for, otherwise all of the items.","   *","   * @param  {string|undefined} property  the property being requested","   * @return {*} the store item that was matched","   */","  var get = function (property) {","    if (!property) {","      return bucket;","    }","","    return bucket[property];","  };","","  return {","    set: set,","    get: get","  };","};",""],"l":{"8":1,"9":0,"18":0,"19":0,"20":0,"29":0,"30":0,"31":0,"34":0,"37":0}},"/home/travis/build/npmtest/node-npmtest-wiredep/node_modules/wiredep/lib/default-file-types.js":{"path":"/home/travis/build/npmtest/node-npmtest-wiredep/node_modules/wiredep/lib/default-file-types.js","s":{"1":1,"2":1,"3":1,"4":1,"5":1},"b":{},"f":{},"fnMap":{},"statementMap":{"1":{"start":{"line":1,"column":0},"end":{"line":5,"column":2}},"2":{"start":{"line":7,"column":0},"end":{"line":131,"column":2}},"3":{"start":{"line":134,"column":0},"end":{"line":134,"column":48}},"4":{"start":{"line":135,"column":0},"end":{"line":135,"column":41}},"5":{"start":{"line":136,"column":0},"end":{"line":136,"column":41}}},"branchMap":{},"code":["var regex = {","  block: {","    '//': /(([ \\t]*)\\/\\/\\s*bower:*(\\S*))(\\n|\\r|.)*?(\\/\\/\\s*endbower)/gi","  }","};","","module.exports = {","  html: {","    block: /(([ \\t]*)<!--\\s*bower:*(\\S*)\\s*-->)(\\n|\\r|.)*?(<!--\\s*endbower\\s*-->)/gi,","    detect: {","      js: /<script.*src=['\"]([^'\"]+)/gi,","      css: /<link.*href=['\"]([^'\"]+)/gi","    },","    replace: {","      js: '<script src=\"{{filePath}}\"></script>',","      css: '<link rel=\"stylesheet\" href=\"{{filePath}}\" />'","    }","  },","  ","  js: {","    block: regex.block['//'],","    detect: {","      js: /['\"]([^'\"]+\\.js)['\"],?/gi,","      css: /['\"]([^'\"]+\\.js)['\"],?/gi","    },","    replace: {","      js: '\"{{filePath}}\",',","      css: '\"{{filePath}}\",'","    }","  },","","  jade: {","    block: /(([ \\t]*)\\/\\/-?\\s*bower:*(\\S*))(\\n|\\r|.)*?(\\/\\/-?\\s*endbower)/gi,","    detect: {","      js: /script\\(.*src=['\"]([^'\"]+)/gi,","      css: /link\\(.*href=['\"]([^'\"]+)/gi","    },","    replace: {","      js: 'script(src=\\'{{filePath}}\\')',","      css: 'link(rel=\\'stylesheet\\', href=\\'{{filePath}}\\')'","    }","  },","","  slim: {","    block: /(([ \\t]*)\\/!?\\s*bower:(\\S*))(\\n|\\r|.)*?(\\/!?\\s*endbower)/gi,","    detect: {","      js: /script.*src=['\"]([^'\"]+)/gi,","      css: /link.*href=['\"]([^'\"]+)/gi","    },","    replace: {","      js: 'script src=\\'{{filePath}}\\'',","      css: 'link rel=\\'stylesheet\\' href=\\'{{filePath}}\\''","    }","  },","","  less: {","    block: regex.block['//'],","    detect: {","      css: /@import\\s['\"](.+css)['\"]/gi,","      less: /@import\\s['\"](.+less)['\"]/gi","    },","    replace: {","      css: '@import \"{{filePath}}\";',","      less: '@import \"{{filePath}}\";'","    }","  },","","  sass: {","    block: regex.block['//'],","    detect: {","      css: /@import\\s(.+css)/gi,","      sass: /@import\\s(.+sass)/gi,","      scss: /@import\\s(.+scss)/gi","    },","    replace: {","      css: '@import {{filePath}}',","      sass: '@import {{filePath}}',","      scss: '@import {{filePath}}'","    }","  },","","  scss: {","    block: regex.block['//'],","    detect: {","      css: /@import\\s['\"](.+css)['\"]/gi,","      sass: /@import\\s['\"](.+sass)['\"]/gi,","      scss: /@import\\s['\"](.+scss)['\"]/gi","    },","    replace: {","      css: '@import \"{{filePath}}\";',","      sass: '@import \"{{filePath}}\";',","      scss: '@import \"{{filePath}}\";'","    }","  },","","  styl: {","    block: regex.block['//'],","    detect: {","      css: /@import\\s['\"](.+css)['\"]/gi,","      styl: /@import\\s['\"](.+styl)['\"]/gi","    },","    replace: {","      css: '@import \"{{filePath}}\"',","      styl: '@import \"{{filePath}}\"'","    }","  },","","  yaml: {","    block: /(([ \\t]*)#\\s*bower:*(\\S*))(\\n|\\r|.)*?(#\\s*endbower)/gi,","    detect: {","      js: /-\\s(.+js)/gi,","      css: /-\\s(.+css)/gi","    },","    replace: {","      js: '- {{filePath}}',","      css: '- {{filePath}}'","    }","  },","","  haml: {","    block: /(([ \\t]*)-#\\s*bower:*(\\S*))(\\n|\\r|.)*?(-#\\s*endbower)/gi,","    detect: {","      js: /\\%script\\{.*src:['\"]([^'\"]+)/gi,","      css: /\\%link\\{.*href:['\"]([^'\"]+)/gi","    },","    replace: {","      js: '%script{src:\\'{{filePath}}\\'}',","      css: '%link{rel:\\'stylesheet\\', href:\\'{{filePath}}\\'}'","    }","  }","};","","","module.exports['default'] = module.exports.html;","module.exports.htm = module.exports.html;","module.exports.yml = module.exports.yaml;",""],"l":{"1":1,"7":1,"134":1,"135":1,"136":1}},"/home/travis/build/npmtest/node-npmtest-wiredep/node_modules/wiredep/lib/detect-dependencies.js":{"path":"/home/travis/build/npmtest/node-npmtest-wiredep/node_modules/wiredep/lib/detect-dependencies.js","s":{"1":1,"2":1,"3":0,"4":0,"5":0,"6":0,"7":0,"8":0,"9":0,"10":0,"11":0,"12":0,"13":0,"14":0,"15":0,"16":1,"17":0,"18":0,"19":0,"20":0,"21":0,"22":0,"23":0,"24":0,"25":1,"26":0,"27":0,"28":0,"29":0,"30":0,"31":0,"32":0,"33":0,"34":0,"35":0,"36":0,"37":0,"38":0,"39":0,"40":0,"41":0,"42":0,"43":0,"44":1,"45":0,"46":0,"47":0,"48":0,"49":0,"50":0,"51":0,"52":0,"53":0,"54":0,"55":0,"56":0,"57":0,"58":0,"59":0,"60":0,"61":0,"62":0,"63":0,"64":0,"65":0,"66":0,"67":0,"68":0,"69":0,"70":0,"71":0,"72":1,"73":0,"74":0,"75":0,"76":0,"77":0,"78":0,"79":0,"80":0,"81":0,"82":0,"83":0,"84":1,"85":0,"86":0,"87":0,"88":0,"89":0,"90":0,"91":0,"92":0,"93":1,"94":0,"95":0,"96":0,"97":0,"98":1,"99":0,"100":0,"101":0,"102":0,"103":0,"104":1,"105":0,"106":0,"107":0,"108":0,"109":1},"b":{"1":[0,0],"2":[0,0],"3":[0,0],"4":[0,0],"5":[0,0],"6":[0,0],"7":[0,0],"8":[0,0],"9":[0,0],"10":[0,0],"11":[0,0],"12":[0,0],"13":[0,0],"14":[0,0],"15":[0,0],"16":[0,0],"17":[0,0],"18":[0,0],"19":[0,0],"20":[0,0],"21":[0,0],"22":[0,0],"23":[0,0],"24":[0,0],"25":[0,0],"26":[0,0],"27":[0,0],"28":[0,0]},"f":{"1":0,"2":0,"3":0,"4":0,"5":0,"6":0,"7":0,"8":0,"9":0,"10":0,"11":0,"12":0,"13":0,"14":0,"15":0,"16":0,"17":0,"18":0,"19":0,"20":0,"21":0,"22":0,"23":0},"fnMap":{"1":{"name":"detectDependencies","line":19,"loc":{"start":{"line":19,"column":0},"end":{"line":19,"column":36}}},"2":{"name":"(anonymous_2)","line":38,"loc":{"start":{"line":38,"column":13},"end":{"line":38,"column":38}}},"3":{"name":"findComponentConfigFile","line":58,"loc":{"start":{"line":58,"column":0},"end":{"line":58,"column":52}}},"4":{"name":"(anonymous_4)","line":66,"loc":{"start":{"line":66,"column":12},"end":{"line":66,"column":34}}},"5":{"name":"findMainFiles","line":86,"loc":{"start":{"line":86,"column":0},"end":{"line":86,"column":63}}},"6":{"name":"(anonymous_6)","line":102,"loc":{"start":{"line":102,"column":15},"end":{"line":102,"column":31}}},"7":{"name":"(anonymous_7)","line":111,"loc":{"start":{"line":111,"column":35},"end":{"line":111,"column":60}}},"8":{"name":"(anonymous_8)","line":114,"loc":{"start":{"line":114,"column":13},"end":{"line":114,"column":29}}},"9":{"name":"gatherInfo","line":129,"loc":{"start":{"line":129,"column":0},"end":{"line":129,"column":28}}},"10":{"name":"(anonymous_10)","line":137,"loc":{"start":{"line":137,"column":9},"end":{"line":137,"column":39}}},"11":{"name":"(anonymous_11)","line":172,"loc":{"start":{"line":172,"column":56},"end":{"line":172,"column":75}}},"12":{"name":"dependencyComparator","line":198,"loc":{"start":{"line":198,"column":0},"end":{"line":198,"column":36}}},"13":{"name":"(anonymous_13)","line":204,"loc":{"start":{"line":204,"column":9},"end":{"line":204,"column":31}}},"14":{"name":"(anonymous_14)","line":214,"loc":{"start":{"line":214,"column":9},"end":{"line":214,"column":31}}},"15":{"name":"merge","line":234,"loc":{"start":{"line":234,"column":0},"end":{"line":234,"column":28}}},"16":{"name":"mergeSort","line":259,"loc":{"start":{"line":259,"column":0},"end":{"line":259,"column":26}}},"17":{"name":"prioritizeDependencies","line":280,"loc":{"start":{"line":280,"column":1},"end":{"line":280,"column":51}}},"18":{"name":"(anonymous_18)","line":283,"loc":{"start":{"line":283,"column":47},"end":{"line":283,"column":69}}},"19":{"name":"(anonymous_19)","line":291,"loc":{"start":{"line":291,"column":13},"end":{"line":291,"column":29}}},"20":{"name":"filterExcludedDependencies","line":304,"loc":{"start":{"line":304,"column":0},"end":{"line":304,"column":63}}},"21":{"name":"(anonymous_21)","line":305,"loc":{"start":{"line":305,"column":40},"end":{"line":305,"column":82}}},"22":{"name":"(anonymous_22)","line":306,"loc":{"start":{"line":306,"column":48},"end":{"line":306,"column":70}}},"23":{"name":"(anonymous_23)","line":307,"loc":{"start":{"line":307,"column":32},"end":{"line":307,"column":51}}}},"statementMap":{"1":{"start":{"line":3,"column":0},"end":{"line":10,"column":2}},"2":{"start":{"line":19,"column":0},"end":{"line":48,"column":1}},"3":{"start":{"line":20,"column":2},"end":{"line":20,"column":27}},"4":{"start":{"line":22,"column":2},"end":{"line":24,"column":3}},"5":{"start":{"line":23,"column":4},"end":{"line":23,"column":71}},"6":{"start":{"line":26,"column":2},"end":{"line":28,"column":3}},"7":{"start":{"line":27,"column":4},"end":{"line":27,"column":74}},"8":{"start":{"line":30,"column":2},"end":{"line":32,"column":3}},"9":{"start":{"line":31,"column":4},"end":{"line":31,"column":86}},"10":{"start":{"line":34,"column":2},"end":{"line":34,"column":48}},"11":{"start":{"line":36,"column":2},"end":{"line":45,"column":5}},"12":{"start":{"line":39,"column":8},"end":{"line":41,"column":9}},"13":{"start":{"line":40,"column":10},"end":{"line":40,"column":73}},"14":{"start":{"line":42,"column":8},"end":{"line":42,"column":19}},"15":{"start":{"line":47,"column":2},"end":{"line":47,"column":16}},"16":{"start":{"line":58,"column":0},"end":{"line":75,"column":1}},"17":{"start":{"line":59,"column":2},"end":{"line":59,"column":26}},"18":{"start":{"line":61,"column":2},"end":{"line":63,"column":3}},"19":{"start":{"line":62,"column":4},"end":{"line":62,"column":36}},"20":{"start":{"line":65,"column":2},"end":{"line":72,"column":7}},"21":{"start":{"line":67,"column":6},"end":{"line":67,"column":85}},"22":{"start":{"line":69,"column":6},"end":{"line":71,"column":7}},"23":{"start":{"line":70,"column":8},"end":{"line":70,"column":72}},"24":{"start":{"line":74,"column":2},"end":{"line":74,"column":29}},"25":{"start":{"line":86,"column":0},"end":{"line":120,"column":1}},"26":{"start":{"line":87,"column":2},"end":{"line":87,"column":21}},"27":{"start":{"line":88,"column":2},"end":{"line":88,"column":16}},"28":{"start":{"line":89,"column":2},"end":{"line":89,"column":87}},"29":{"start":{"line":90,"column":2},"end":{"line":90,"column":93}},"30":{"start":{"line":92,"column":2},"end":{"line":109,"column":3}},"31":{"start":{"line":94,"column":4},"end":{"line":94,"column":43}},"32":{"start":{"line":95,"column":9},"end":{"line":109,"column":3}},"33":{"start":{"line":96,"column":4},"end":{"line":96,"column":41}},"34":{"start":{"line":97,"column":9},"end":{"line":109,"column":3}},"35":{"start":{"line":99,"column":4},"end":{"line":99,"column":44}},"36":{"start":{"line":101,"column":4},"end":{"line":108,"column":9}},"37":{"start":{"line":103,"column":8},"end":{"line":103,"column":114}},"38":{"start":{"line":105,"column":8},"end":{"line":107,"column":9}},"39":{"start":{"line":106,"column":10},"end":{"line":106,"column":64}},"40":{"start":{"line":111,"column":2},"end":{"line":119,"column":10}},"41":{"start":{"line":112,"column":4},"end":{"line":117,"column":6}},"42":{"start":{"line":115,"column":10},"end":{"line":115,"column":40}},"43":{"start":{"line":118,"column":4},"end":{"line":118,"column":15}},"44":{"start":{"line":129,"column":0},"end":{"line":188,"column":1}},"45":{"start":{"line":137,"column":2},"end":{"line":187,"column":4}},"46":{"start":{"line":138,"column":4},"end":{"line":143,"column":6}},"47":{"start":{"line":145,"column":4},"end":{"line":
[...]
omponentConfigFile.scripts)) {","    // still haven't found it. is it stored in config.scripts, then?","    filePaths = componentConfigFile.scripts;","  } else {","    ['js', 'css']","      .forEach(function (type) {","        file[type] = $.path.join(config.get('bower-directory'), component, componentConfigFile.name + '.' + type);","","        if ($.fs.existsSync(file[type])) {","          filePaths.push(componentConfigFile.name + '.' + type);","        }","      });","  }","","  return $._.uniq(filePaths.reduce(function (acc, filePath) {","    acc = acc.concat(","      $.glob.sync(filePath, { cwd: cwd, root: '/' })","        .map(function (path) {","          return $.path.join(cwd, path);","        })","    );","    return acc;","  }, []));","}","","","/**"," * Store the information our prioritizer will need to determine rank."," *"," * @param  {object} config   the global configuration object"," * @return {function} the iterator function, called on every component"," */","function gatherInfo(config) {","  /**","   * The iterator function, which is called on each component.","   *","   * @param  {string} version    the version of the component","   * @param  {string} component  the name of the component","   * @return {undefined}","   */","  return function (version, component) {","    var dep = config.get('global-dependencies').get(component) || {","      main: '',","      type: '',","      name: '',","      dependencies: {}","    };","","    var componentConfigFile = findComponentConfigFile(config, component);","    if (!componentConfigFile) {","      var error = new Error(component + ' is not installed. Try running `bower install` or remove the component from your bower.json file.');","      error.code = 'PKG_NOT_INSTALLED';","      config.get('on-error')(error);","      return;","    }","","    var overrides = config.get('overrides');","","    if (overrides && overrides[component]) {","      if (overrides[component].dependencies) {","        componentConfigFile.dependencies = overrides[component].dependencies;","      }","","      if (overrides[component].main) {","        componentConfigFile.main = overrides[component].main;","      }","    }","","    var mains = findMainFiles(config, component, componentConfigFile);","    var fileTypes = $._.chain(mains).map($.path.extname).uniq().value();","","    dep.main = mains;","    dep.type = fileTypes;","    dep.name = componentConfigFile.name;","","    var depIsExcluded = $._.find(config.get('exclude'), function (pattern) {","      return $.path.join(config.get('bower-directory'), component).match(pattern);","    });","","    if (dep.main.length === 0 && !depIsExcluded) {","      config.get('on-main-not-found')(component);","    }","","    if (componentConfigFile.dependencies) {","      dep.dependencies = componentConfigFile.dependencies;","","      $._.each(componentConfigFile.dependencies, gatherInfo(config));","    }","","    config.get('global-dependencies').set(component, dep);","  };","}","","","/**"," * Compare two dependencies to determine priority."," *"," * @param  {object} a  dependency a"," * @param  {object} b  dependency b"," * @return {number} the priority of dependency a in comparison to dependency b"," */","function dependencyComparator(a, b) {","  var aNeedsB = false;","  var bNeedsA = false;","","  aNeedsB = Object.","    keys(a.dependencies).","    some(function (dependency) {","      return dependency === b.name;","    });","","  if (aNeedsB) {","    return 1;","  }","","  bNeedsA = Object.","    keys(b.dependencies).","    some(function (dependency) {","      return dependency === a.name;","    });","","  if (bNeedsA) {","    return -1;","  }","","  return 0;","}","","","/**"," * Take two arrays, sort based on their dependency relationship, then merge them"," * together."," *"," * @param  {array} left"," * @param  {array} right"," * @return {array} the sorted, merged array"," */","function merge(left, right) {","  var result = [];","  var leftIndex = 0;","  var rightIndex = 0;","","  while (leftIndex < left.length && rightIndex < right.length) {","    if (dependencyComparator(left[leftIndex], right[rightIndex]) < 1) {","      result.push(left[leftIndex++]);","    } else {","      result.push(right[rightIndex++]);","    }","  }","","  return result.","    concat(left.slice(leftIndex)).","    concat(right.slice(rightIndex));","}","","","/**"," * Take an array and slice it in halves, sorting each half along the way."," *"," * @param  {array} items"," * @return {array} the sorted array"," */","function mergeSort(items) {","  if (items.length < 2) {","    return items;","  }","","  var middle = Math.floor(items.length / 2);","","  return merge(","    mergeSort(items.slice(0, middle)),","    mergeSort(items.slice(middle))","  );","}","","","/**"," * Sort the dependencies in the order we can best determine they're needed."," *"," * @param  {object} config    the global configuration object"," * @param  {string} fileType  the type of file to prioritize"," * @return {array} the sorted items of 'path/to/main/files.ext' sorted by type"," */"," function prioritizeDependencies(config, fileType) {","  var globalDependencies = $._.toArray(config.get('global-dependencies').get());","","  var dependencies = globalDependencies.filter(function (dependency) {","    return $._.includes(dependency.type, fileType);","  });","","  return $._(mergeSort(dependencies)).","      map($.propprop('main')).","      flatten().","      value().","      filter(function (main) {","        return $.path.extname(main) === fileType;","      });","}","","","/**"," * Excludes dependencies that match any of the patterns."," *"," * @param  {array} allDependencies  array of dependencies to filter"," * @param  {array} patterns         array of patterns to match against"," * @return {array} items that don't match any of the patterns"," */","function filterExcludedDependencies(allDependencies, patterns) {","  return $._.transform(allDependencies, function (result, dependencies, fileType) {","    result[fileType] = $._.reject(dependencies, function (dependency) {","      return $._.find(patterns, function (pattern) {","        return dependency.replace(/\\\\/g, '/').match(pattern);","      });","    });","  });","}","","","module.exports = detectDependencies;",""],"l":{"3":1,"19":1,"20":0,"22":0,"23":0,"26":0,"27":0,"30":0,"31":0,"34":0,"36":0,"39":0,"40":0,"42":0,"47":0,"58":1,"59":0,"61":0,"62":0,"65":0,"67":0,"69":0,"70":0,"74":0,"86":1,"87":0,"88":0,"89":0,"90":0,"92":0,"94":0,"95":0,"96":0,"97":0,"99":0,"101":0,"103":0,"105":0,"106":0,"111":0,"112":0,"115":0,"118":0,"129":1,"137":0,"138":0,"145":0,"146":0,"147":0,"148":0,"149":0,"150":0,"153":0,"155":0,"156":0,"157":0,"160":0,"161":0,"165":0,"166":0,"168":0,"169":0,"170":0,"172":0,"173":0,"176":0,"177":0,"180":0,"181":0,"183":0,"186":0,"198":1,"199":0,"200":0,"202":0,"205":0,"208":0,"209":0,"212":0,"215":0,"218":0,"219":0,"222":0,"234":1,"235":0,"236":0,"237":0,"239":0,"240":0,"241":0,"243":0,"247":0,"259":1,"260":0,"261":0,"264":0,"266":0,"280":1,"281":0,"283":0,"284":0,"287":0,"292":0,"304":1,"305":0,"306":0,"307":0,"308":0,"315":1}},"/home/travis/build/npmtest/node-npmtest-wiredep/node_modules/wiredep/lib/inject-dependencies.js":{"path":"/home/travis/build/npmtest/node-npmtest-wiredep/node_modules/wiredep/lib/inject-dependencies.js","s":{"1":1,"2":1,"3":1,"4":1,"5":1,"6":1,"7":0,"8":0,"9":0,"10":0,"11":0,"12":0,"13":0,"14":0,"15":0,"16":1,"17":0,"18":0,"19":0,"20":0,"21":0,"22":0,"23":0,"24":0,"25":0,"26":0,"27":0,"28":0,"29":0,"30":0,"31":0,"32":0,"33":0,"34":0,"35":0,"36":0,"37":0,"38":1,"39":0,"40":0,"41":0,"42":0,"43":0,"44":0,"45":0,"46":0,"47":1,"48":0,"49":0,"50":0,"51":0,"52":0,"53":1},"b":{"1":[0,0],"2":[0,0],"3":[0,0],"4":[0,0],"5":[0,0],"6":[0,0],"7":[0,0],"8":[0,0],"9":[0,0],"10":[0,0],"11":[0,0],"12":[0,0],"13":[0,0],"14":[0,0]},"f":{"1":0,"2":0,"3":0,"4":0,"5":0,"6":0,"7":0,"8":0,"9":0},"fnMap":{"1":{"name":"injectDependencies","line":20,"loc":{"start":{"line":20,"column":0},"end":{"line":20,"column":42}}},"2":{"name":"replaceIncludes","line":41,"loc":{"start":{"line":41,"column":0},"end":{"line":41,"column":53}}},"3":{"name":"(anonymous_3)","line":53,"loc":{"start":{"line":53,"column":9},"end":{"line":53,"column":96}}},"4":{"name":"(anonymous_4)","line":63,"loc":{"start":{"line":63,"column":42},"end":{"line":63,"column":59}}},"5":{"name":"(anonymous_5)","line":69,"loc":{"start":{"line":69,"column":48},"end":{"line":69,"column":65}}},"6":{"name":"(anonymous_6)","line":77,"loc":{"start":{"line":77,"column":10},"end":{"line":77,"column":30}}},"7":{"name":"(anonymous_7)","line":83,"loc":{"start":{"line":83,"column":14},"end":{"line":83,"column":34}}},"8":{"name":"injectScripts","line":110,"loc":{"start":{"line":110,"column":0},"end":{"line":110,"column":33}}},"9":{"name":"injectScriptsStream","line":129,"loc":{"start":{"line":129,"column":0},"end":{"line":129,"column":58}}}},"statementMap":{"1":{"start":{"line":3,"column":0},"end":{"line":6,"column":2}},"2":{"start":{"line":8,"column":0},"end":{"line":8,"column":11}},"3":{"start":{"line":9,"column":0},"end":{"line":9,"column":14}},"4":{"start":{"line":10,"column":0},"end":{"line":10,"column":29}},"5":{"start":{"line":11,"column":0},"end":{"line":11,"column":15}},"6":{"start":{"line":20,"column":0},"end":{"line":38,"column":1}},"7":{"start":{"line":21,"column":2},"end":{"line":21,"column":24}},"8":{"start":{"line":22,"column":2},"end":{"line":22,"column":36}},"9":{"start":{"line":24,"column":2},"end":{"line":24,"column":70}},"10":{"start":{"line":25,"column":2},"end":{"line":25,"column":41}},"11":{"start":{"line":26,"column":2},"end":{"line":26,"column":39}},"12":{"start":{"line":28,"column":2},"end":{"line":35,"column":3}},"13":{"start":{"line":29,"column":4},"end":{"line":32,"column":7}},"14":{"start":{"line":34,"column":4},"end":{"line":34,"column":45}},"15":{"start":{"line":37,"column":2},"end":{"line":37,"column":16}},"16":{"start":{"line":41,"column":0},"end":{"line":101,"column":1}},"17":{"start":{"line":53,"column":2},"end":{"line":100,"column":4}},"18":{"start":{"line":54,"column":4},"end":{"line":54,"column":34}},"19":{"start":{"line":56,"column":4},"end":{"line":56,"column":37}},"20":{"start":{"line":57,"column":4},"end":{"line":57,"column":65}},"21":{"start":{"line":58,"column":4},"end":{"line":58,"column":23}},"22":{"start":{"line":60,"column":4},"end":{"line":65,"column":9}},"23":{"start":{"line":64,"column":8},"end":{"line":64,"column":66}},"24":{"start":{"line":67,"column":4},"end":{"line":72,"column":5}},"25":{"start":{"line":69,"column":6},"end":{"line":71,"column":9}},"26":{"start":{"line":70,"column":8},"end":{"line":70,"column":66}},"27":{"start":{"line":74,"column":4},"end":{"line":74,"column":57}},"28":{"start":{"line":76,"column":4},"end":{"line":97,"column":9}},"29":{"start":{"line":78,"column":8},"end":{"line":81,"column":54}},"30":{"start":{"line":84,"column":8},"end":{"line":88,"column":9}},"31":{"start":{"line":85,"column":10},"end":{"line":85,"column":77}},"32":{"start":{"line":86,"column":15},"end":{"line":88,"column":9}},"33":{"start":{"line":87,"column":10},"end":{"line":87,"column":101}},"34":{"start":{"line":89,"column":8},"end":{"line":91,"column":9}},"35":{"start":{"line":90,"column":10},"end":{"line":90,"column":69}},"36":{"start":{"line":92,"column":8},"end":{"line":96,"column":11}},"37":{"start":{"line":99,"column":4},"end":{"line":99,"column":48}},"38":{"start":{"line":110,"column":0},"end":{"line":126,"column":1}},"39":{"start":{"line":111,"column":2},"end":{"line":111,"column":53}},"40":{"start":{"line":112,"column":2},"end":{"line":112,"column":51}},"41":{"start":{"line":113,"column":2},"end":{"line":113,"column":60}},"42":{"start":{"line":114,"column":2},"end":{"line":114,"column":57}},"43":{"start":{"line":116,"column":2},"end":{"line":119,"column":4}},"44":{"start":{"line":121,"column":2},"end":{"line":125,"column":3}},"45":{"start":{"line":122,"column":4},"end":{"line":122,"column":46}},"46":{"start":{"line":124,"column":4},"end":{"line":124,"column":44}},"47":{"start":{"line":129,"column":0},"end":{"line":141,"column":1}},"48":{"start":{"line":130,"column":2},"end":{"line":130,"column":57}},"49":{"start":{"line":131,"column":2},"end":{"line":131,"column":60}},"50":{"start":{"line":133,"column":2},"end":{"line":136,"column":4}},"51":{"start":{"line":138,"column":2},"end":{"line":138,"column":42}},"52":{"start":{"line":140,"column":2},"end":{"line":140,"column":21}},"53":{"start":{"line":144,"column":0},"end":{"line":144,"column":36}}},"branchMap":{"1":{"line":28,"type":"if","locations":[{"start":{"line":28,"column":2},"end":{"line":28,"column":2}},{"start":{"line":28,"column":2},"end":{"line":28,"column":2}}]},"2":{"line":54,"type":"binary-expr","locations":[{"start":{"line":54,"column":16},"end":{"line":54,"column":25}},{"start":{"line":54,"column":29},"end":{"line":54,"column":33}}]},"3":{"line":57,"type":"binary-expr","locations":[{"start":{"line":57,"column":23},"end":{"line":57,"column":58}},{"start":{"line":57,"column":62},"end":{"line":57,"column":64}}]},"4":{"line":64,"type":"binary-expr","locations":[{"start":{"line":64,"column":20},"end":{"line":64,"column":39}},{"start":{"line":64,"column":43},"end":{"line":64,"column":65}}]},"5":{"line":67,"type":"if","locations":[{"start":{"line":67,"column":4},"end":{"line":67,"column":4}},{"start":{"line":67,"column":4},"end":{"line":67,"column":4}}]},"6":{"line":70,"type":"binary-expr","locations":[{"start":{"line":70,"column":20},"end":{"line":70,"column":39}},{"start":{"line":70,"column":43},"end":{"line":70,"column":65}}]},"7":{"line":84,"type":"if","locations":[{"start":{"line":84,"column":8},"end":{"line":84,"column":8}},{"start":{"line":84,"column":8},"end":{"line":84,"column":8}}]},"8":{"line":86,"type":"if","locations":[{"start":{"line":86,"column":15},"end":{"line":86,"column":15}},{"start":{"line":86,"column":15},"end":{"line":86,"column":15}}]},"9":{"line":89,"type":"if","locations":[{"start":{"line":89,"column":8},"end":{"line":89,"column":8}},{"start":{"line":89,"column":8},"end":{"line":89,"column":8}}]},"10":{"line":113,"type":"binary-expr","locations":[{"start":{"line":113,"column":17},"end":{"line":113,"column":35}},{"start":{"line":113,"column":39},"end":{"line":113,"column":59}}]},"11":{"line":114,"type":"cond-expr","locations":[{"start":{"line":114,"column":43},"end":{"line":114,"column":49}},{"start":{"line":114,"column":52},"end":{"line":114,"column":56}}]},"12":{"line":121,"type":"if","locations":[{"start":{"line":121,"column":2},"end":{"line":121,"column":2}},{"start":{"line":121,"column":2},"end":{"line":121,"column":2}}]},"13":{"line":130,"type":"cond-expr","locations":[{"start":{"line":130,"column":43},"end":{"line":130,"column":49}},{"start":{"line":130,"column":52},"end":{"line":130,"column":56}}]},"14":{"line":131,"type":"binary-expr","locations":[{"start":{"line":131,"column":17},"end":{"line":131,"column":35}},{"start":{"line":131,"column":39},"end":{"line":131,"column":59}}]}},"code":["'use strict';","","var $ = {","  fs: require('fs'),","  path: require('path')","};","","var config;","var fileTypes;","var globalDependenciesSorted;","var ignorePath;","","","/**"," * Inject dependencies into the specified source file."," *"," * @param  {object} globalConfig  the global configuration object."," * @return {object} config"," */","function injectDependencies(globalConfig) {","  config = globalConfig;","  var stream = config.get('stream');","","  globalDependenciesSorted = config.get('global-dependencies-sorted');","  ignorePath = config.get('ignore-path');","  fileTypes = config.get('file-types');","","  if (stream.src) {","    config.set('stream', {","      src: injectScriptsStream(stream.path, stream.src, stream.fileType),","      fileType: stream.fileType","    });","  } else {","    config.get('src').forEach(injectScripts);","  }","","  return config;","}","","","function replaceIncludes(file, fileType, returnType) {","  /**","   * Callback function after matching our regex from the source file.","   *","   * @param  {array}  match       strings that were matched","   * @param  {string} startBlock  the opening <!-- bower:xxx --> comment","   * @param  {string} spacing     the type and size of indentation","   * @param  {string} blockType   the type of block (js/css)","   * @param  {string} oldScripts  the old block of scripts we'll remove","   * @param  {string} endBlock    the closing <!-- endbower --> comment","   * @return {string} the new file contents","   */","  return function (match, startBlock, spacing, blockType, oldScripts, endBlock, offset, string) {","    blockType = blockType || 'js';","","    var newFileContents = startBlock;","    var dependencies = globalDependenciesSorted[blockType] || [];","    var quoteMark = '';","","    (string.substr(0, offset) + string.substr(offset + match.length)).","      replace(oldScripts, '').","      replace(fileType.block, '').","      replace(fileType.detect[blockType], function (match) {","        quoteMark = match.match(/['\"]/) && match.match(/['\"]/)[0];","      });","","    if (!quoteMark) {","      // What the heck. Check if there's anything in the oldScripts block.","      match.replace(fileType.detect[blockType], function (match) {","        quoteMark = match.match(/['\"]/) && match.match(/['\"]/)[0];","      });","    }","","    spacing = returnType + spacing.replace(/\\r|\\n/g, '');","","    dependencies.","      map(function (filePath) {","        return $.path.join(","          $.path.relative($.path.dirname(file), $.path.dirname(filePath)),","          $.path.basename(filePath)","        ).replace(/\\\\/g, '/').replace(ignorePath, '');","      }).","      forEach(function (filePath) {","        if (typeof fileType.replace[blockType] === 'function') {","          newFileContents += spacing + fileType.replace[blockType](filePath);","        } else if (typeof fileType.replace[blockType] === 'string') {","          newFileContents += spacing + fileType.replace[blockType].replace('{{filePath}}', filePath);","        }","        if (quoteMark) {","          newFileContents = newFileContents.replace(/\"/g, quoteMark);","        }","        config.get('on-path-injected')({","          block: blockType,","          file: file,","          path: filePath","        });","      });","","    return newFileContents + spacing + endBlock;","  };","}","","","/**"," * Take a file path, read its contents, inject the Bower packages, then write"," * the new file to disk."," *"," * @param  {string} filePath  path to the source file"," */","function injectScripts(filePath) {","  var contents = String($.fs.readFileSync(filePath));","  var fileExt = $.path.extname(filePath).substr(1);","  var fileType = fileTypes[fileExt] || fileTypes['default'];","  var returnType = /\\r\\n/.test(contents) ? '\\r\\n' : '\\n';","","  var newContents = contents.replace(","    fileType.block,","    replaceIncludes(filePath, fileType, returnType)","  );","","  if (contents !== newContents) {","    $.fs.writeFileSync(filePath, newContents);","","    config.get('on-file-updated')(filePath);","  }","}","","","function injectScriptsStream(filePath, contents, fileExt) {","  var returnType = /\\r\\n/.test(contents) ? '\\r\\n' : '\\n';","  var fileType = fileTypes[fileExt] || fileTypes['default'];","","  var newContents = contents.replace(","    fileType.block,","    replaceIncludes(filePath, fileType, returnType)","  );","","  config.get('on-file-updated')(filePath);","","  return newContents;","}","","","module.exports = injectDependencies;",""],"l":{"3":1,"8":1,"9":1,"10":1,"11":1,"20":1,"21":0,"22":0,"24":0,"25":0,"26":0,"28":0,"29":0,"34":0,"37":0,"41":1,"53":0,"54":0,"56":0,"57":0,"58":0,"60":0,"64":0,"67":0,"69":0,"70":0,"74":0,"76":0,"78":0,"84":0,"85":0,"86":0,"87":0,"89":0,"90":0,"92":0,"99":0,"110":1,"111":0,"112":0,"113":0,"114":0,"116":0,"121":0,"122":0,"124":0,"129":1,"130":0,"131":0,"133":0,"138":0,"140":0,"144":1}}}